[ 2016-08-08T13:22:39+08:00 ] ::1 /News/index.php?c=Detail&a=view&id=29
INFO: [ app_init ] --START--
INFO: Run Behavior\BuildLiteBehavior [ RunTime:0.000000s ]
INFO: [ app_init ] --END-- [ RunTime:0.000000s ]
INFO: [ app_begin ] --START--
INFO: Run Behavior\ReadHtmlCacheBehavior [ RunTime:0.000000s ]
INFO: [ app_begin ] --END-- [ RunTime:0.000000s ]
NOTIC: [2048] Declaration of Home\Controller\CommonController::error() should be compatible with Think\Controller::error($message = '', $jumpUrl = '', $ajax = false) E:\wamp64\www\News\Application\Home\Controller\CommonController.class.php 第 23 行.
NOTIC: [2048] Declaration of Common\Model\NewsModel::find() should be compatible with Think\Model::find($options = Array) E:\wamp64\www\News\Application\Common\Model\NewsModel.class.php 第 7 行.
SQL: SHOW COLUMNS FROM `cms_news` [ RunTime:0.0010s ]
SQL: SELECT * FROM `cms_news` WHERE ( status=1 ) ORDER BY count desc, news_id desc LIMIT 10   [ RunTime:0.0010s ]
NOTIC: [2048] Declaration of Common\Model\PositionContentModel::delete() should be compatible with Think\Model::delete($options = Array) E:\wamp64\www\News\Application\Common\Model\PositionContentModel.class.php 第 92 行.
SQL: SHOW COLUMNS FROM `cms_position_content` [ RunTime:0.0000s ]
SQL: SELECT * FROM `cms_position_content` WHERE ( position_id=5 ) ORDER BY listorder desc LIMIT 2   [ RunTime:0.0000s ]
SQL: SELECT * FROM `cms_news` WHERE ( news_id=29 ) LIMIT 1   [ RunTime:0.0000s ]
NOTIC: [2048] Declaration of Common\Model\NewsContentModel::find() should be compatible with Think\Model::find($options = Array) E:\wamp64\www\News\Application\Common\Model\NewsContentModel.class.php 第 53 行.
SQL: SHOW COLUMNS FROM `cms_news_content` [ RunTime:0.0010s ]
SQL: SELECT * FROM `cms_news_content` WHERE ( news_id=29 ) LIMIT 1   [ RunTime:0.0170s ]
SQL: UPDATE `cms_news` SET `count`='23' WHERE ( news_id=29 ) [ RunTime:0.0220s ]
INFO: [ view_parse ] --START--
INFO: [ template_filter ] --START--
INFO: Run Behavior\ContentReplaceBehavior [ RunTime:0.001001s ]
INFO: [ template_filter ] --END-- [ RunTime:0.001001s ]
NOTIC: [2048] Declaration of Common\Model\BasicModel::save() should be compatible with Think\Model::save($data = '', $options = Array) E:\wamp64\www\News\Application\Common\Model\BasicModel.class.php 第 32 行.
NOTIC: [2048] Declaration of Common\Model\BasicModel::select() should be compatible with Think\Model::select($options = Array) E:\wamp64\www\News\Application\Common\Model\BasicModel.class.php 第 32 行.
NOTIC: [2048] Declaration of Common\Model\MenuModel::find() should be compatible with Think\Model::find($options = Array) E:\wamp64\www\News\Application\Common\Model\MenuModel.class.php 第 123 行.
SQL: SHOW COLUMNS FROM `cms_menu` [ RunTime:0.0000s ]
SQL: SELECT * FROM `cms_menu` WHERE ( type=0 ) ORDER BY menu_id asc  [ RunTime:0.0000s ]
NOTIC: [8] Undefined index: catId E:\wamp64\www\News\Application\Runtime\Cache\Home\0d75cb75cd30b13fdd4834afd69acb19.php 第 24 行.
NOTIC: [8] Undefined index: catId E:\wamp64\www\News\Application\Runtime\Cache\Home\0d75cb75cd30b13fdd4834afd69acb19.php 第 25 行.
NOTIC: [8] Undefined index: catId E:\wamp64\www\News\Application\Runtime\Cache\Home\0d75cb75cd30b13fdd4834afd69acb19.php 第 25 行.
NOTIC: [8] Undefined index: catId E:\wamp64\www\News\Application\Runtime\Cache\Home\0d75cb75cd30b13fdd4834afd69acb19.php 第 25 行.
NOTIC: [8] Undefined index: catId E:\wamp64\www\News\Application\Runtime\Cache\Home\0d75cb75cd30b13fdd4834afd69acb19.php 第 25 行.
NOTIC: [8] Undefined index: catId E:\wamp64\www\News\Application\Runtime\Cache\Home\0d75cb75cd30b13fdd4834afd69acb19.php 第 25 行.
INFO: Run Behavior\ParseTemplateBehavior [ RunTime:0.021001s ]
INFO: [ view_parse ] --END-- [ RunTime:0.022001s ]
INFO: [ view_filter ] --START--
INFO: Run Behavior\WriteHtmlCacheBehavior [ RunTime:0.000000s ]
INFO: [ view_filter ] --END-- [ RunTime:0.000000s ]
INFO: [ app_end ] --START--
INFO: Run Behavior\ShowPageTraceBehavior [ RunTime:0.001000s ]
INFO: [ app_end ] --END-- [ RunTime:0.001000s ]

[ 2016-08-08T13:23:31+08:00 ] ::1 /News/index.php?c=detail&a=view&id=27
INFO: [ app_init ] --START--
INFO: Run Behavior\BuildLiteBehavior [ RunTime:0.000000s ]
INFO: [ app_init ] --END-- [ RunTime:0.001000s ]
INFO: [ app_begin ] --START--
INFO: Run Behavior\ReadHtmlCacheBehavior [ RunTime:0.000000s ]
INFO: [ app_begin ] --END-- [ RunTime:0.001000s ]
NOTIC: [2048] Declaration of Home\Controller\CommonController::error() should be compatible with Think\Controller::error($message = '', $jumpUrl = '', $ajax = false) E:\wamp64\www\News\Application\Home\Controller\CommonController.class.php 第 23 行.
NOTIC: [2048] Declaration of Common\Model\NewsModel::find() should be compatible with Think\Model::find($options = Array) E:\wamp64\www\News\Application\Common\Model\NewsModel.class.php 第 7 行.
SQL: SHOW COLUMNS FROM `cms_news` [ RunTime:0.0010s ]
SQL: SELECT * FROM `cms_news` WHERE ( status=1 ) ORDER BY count desc, news_id desc LIMIT 10   [ RunTime:0.0010s ]
NOTIC: [2048] Declaration of Common\Model\PositionContentModel::delete() should be compatible with Think\Model::delete($options = Array) E:\wamp64\www\News\Application\Common\Model\PositionContentModel.class.php 第 92 行.
SQL: SHOW COLUMNS FROM `cms_position_content` [ RunTime:0.0000s ]
SQL: SELECT * FROM `cms_position_content` WHERE ( position_id=5 ) ORDER BY listorder desc LIMIT 2   [ RunTime:0.0000s ]
SQL: SELECT * FROM `cms_news` WHERE ( news_id=27 ) LIMIT 1   [ RunTime:0.0010s ]
NOTIC: [2048] Declaration of Common\Model\NewsContentModel::find() should be compatible with Think\Model::find($options = Array) E:\wamp64\www\News\Application\Common\Model\NewsContentModel.class.php 第 53 行.
SQL: SHOW COLUMNS FROM `cms_news_content` [ RunTime:0.0000s ]
SQL: SELECT * FROM `cms_news_content` WHERE ( news_id=27 ) LIMIT 1   [ RunTime:0.0220s ]
SQL: UPDATE `cms_news` SET `count`='21' WHERE ( news_id=27 ) [ RunTime:0.0010s ]
INFO: [ view_parse ] --START--
INFO: [ template_filter ] --START--
INFO: Run Behavior\ContentReplaceBehavior [ RunTime:0.000000s ]
INFO: [ template_filter ] --END-- [ RunTime:0.000000s ]
NOTIC: [2048] Declaration of Common\Model\BasicModel::save() should be compatible with Think\Model::save($data = '', $options = Array) E:\wamp64\www\News\Application\Common\Model\BasicModel.class.php 第 32 行.
NOTIC: [2048] Declaration of Common\Model\BasicModel::select() should be compatible with Think\Model::select($options = Array) E:\wamp64\www\News\Application\Common\Model\BasicModel.class.php 第 32 行.
NOTIC: [2048] Declaration of Common\Model\MenuModel::find() should be compatible with Think\Model::find($options = Array) E:\wamp64\www\News\Application\Common\Model\MenuModel.class.php 第 123 行.
SQL: SHOW COLUMNS FROM `cms_menu` [ RunTime:0.0010s ]
SQL: SELECT * FROM `cms_menu` WHERE ( type=0 ) ORDER BY menu_id asc  [ RunTime:0.0000s ]
NOTIC: [8] Undefined index: catId E:\wamp64\www\News\Application\Runtime\Cache\Home\0d75cb75cd30b13fdd4834afd69acb19.php 第 24 行.
NOTIC: [8] Undefined index: catId E:\wamp64\www\News\Application\Runtime\Cache\Home\0d75cb75cd30b13fdd4834afd69acb19.php 第 25 行.
NOTIC: [8] Undefined index: catId E:\wamp64\www\News\Application\Runtime\Cache\Home\0d75cb75cd30b13fdd4834afd69acb19.php 第 25 行.
NOTIC: [8] Undefined index: catId E:\wamp64\www\News\Application\Runtime\Cache\Home\0d75cb75cd30b13fdd4834afd69acb19.php 第 25 行.
NOTIC: [8] Undefined index: catId E:\wamp64\www\News\Application\Runtime\Cache\Home\0d75cb75cd30b13fdd4834afd69acb19.php 第 25 行.
NOTIC: [8] Undefined index: catId E:\wamp64\www\News\Application\Runtime\Cache\Home\0d75cb75cd30b13fdd4834afd69acb19.php 第 25 行.
INFO: Run Behavior\ParseTemplateBehavior [ RunTime:0.016001s ]
INFO: [ view_parse ] --END-- [ RunTime:0.016001s ]
INFO: [ view_filter ] --START--
INFO: Run Behavior\WriteHtmlCacheBehavior [ RunTime:0.001000s ]
INFO: [ view_filter ] --END-- [ RunTime:0.001000s ]
INFO: [ app_end ] --START--
INFO: Run Behavior\ShowPageTraceBehavior [ RunTime:0.000000s ]
INFO: [ app_end ] --END-- [ RunTime:0.000000s ]

[ 2016-08-08T13:26:37+08:00 ] ::1 /News/index.php?c=Detail&a=view&id=29
INFO: [ app_init ] --START--
INFO: Run Behavior\BuildLiteBehavior [ RunTime:0.000000s ]
INFO: [ app_init ] --END-- [ RunTime:0.000000s ]
INFO: [ app_begin ] --START--
INFO: Run Behavior\ReadHtmlCacheBehavior [ RunTime:0.000000s ]
INFO: [ app_begin ] --END-- [ RunTime:0.000000s ]
NOTIC: [2048] Declaration of Home\Controller\CommonController::error() should be compatible with Think\Controller::error($message = '', $jumpUrl = '', $ajax = false) E:\wamp64\www\News\Application\Home\Controller\CommonController.class.php 第 23 行.
NOTIC: [2048] Declaration of Common\Model\NewsModel::find() should be compatible with Think\Model::find($options = Array) E:\wamp64\www\News\Application\Common\Model\NewsModel.class.php 第 7 行.
SQL: SHOW COLUMNS FROM `cms_news` [ RunTime:0.0010s ]
SQL: SELECT * FROM `cms_news` WHERE ( status=1 ) ORDER BY count desc, news_id desc LIMIT 10   [ RunTime:0.0010s ]
NOTIC: [2048] Declaration of Common\Model\PositionContentModel::delete() should be compatible with Think\Model::delete($options = Array) E:\wamp64\www\News\Application\Common\Model\PositionContentModel.class.php 第 92 行.
SQL: SHOW COLUMNS FROM `cms_position_content` [ RunTime:0.0010s ]
SQL: SELECT * FROM `cms_position_content` WHERE ( position_id=5 ) ORDER BY listorder desc LIMIT 2   [ RunTime:0.0000s ]
SQL: SELECT * FROM `cms_news` WHERE ( news_id=29 ) LIMIT 1   [ RunTime:0.0000s ]
NOTIC: [2048] Declaration of Common\Model\NewsContentModel::find() should be compatible with Think\Model::find($options = Array) E:\wamp64\www\News\Application\Common\Model\NewsContentModel.class.php 第 53 行.
SQL: SHOW COLUMNS FROM `cms_news_content` [ RunTime:0.0000s ]
SQL: SELECT * FROM `cms_news_content` WHERE ( news_id=29 ) LIMIT 1   [ RunTime:0.0000s ]
SQL: UPDATE `cms_news` SET `count`='24' WHERE ( news_id=29 ) [ RunTime:0.0010s ]
INFO: [ view_parse ] --START--
INFO: [ template_filter ] --START--
INFO: Run Behavior\ContentReplaceBehavior [ RunTime:0.000000s ]
INFO: [ template_filter ] --END-- [ RunTime:0.000000s ]
NOTIC: [2048] Declaration of Common\Model\BasicModel::save() should be compatible with Think\Model::save($data = '', $options = Array) E:\wamp64\www\News\Application\Common\Model\BasicModel.class.php 第 32 行.
NOTIC: [2048] Declaration of Common\Model\BasicModel::select() should be compatible with Think\Model::select($options = Array) E:\wamp64\www\News\Application\Common\Model\BasicModel.class.php 第 32 行.
NOTIC: [2048] Declaration of Common\Model\MenuModel::find() should be compatible with Think\Model::find($options = Array) E:\wamp64\www\News\Application\Common\Model\MenuModel.class.php 第 123 行.
SQL: SHOW COLUMNS FROM `cms_menu` [ RunTime:0.0000s ]
SQL: SELECT * FROM `cms_menu` WHERE ( type=0 ) ORDER BY menu_id asc  [ RunTime:0.0000s ]
NOTIC: [8] Undefined index: catId E:\wamp64\www\News\Application\Runtime\Cache\Home\0d75cb75cd30b13fdd4834afd69acb19.php 第 24 行.
NOTIC: [8] Undefined index: catId E:\wamp64\www\News\Application\Runtime\Cache\Home\0d75cb75cd30b13fdd4834afd69acb19.php 第 25 行.
NOTIC: [8] Undefined index: catId E:\wamp64\www\News\Application\Runtime\Cache\Home\0d75cb75cd30b13fdd4834afd69acb19.php 第 25 行.
NOTIC: [8] Undefined index: catId E:\wamp64\www\News\Application\Runtime\Cache\Home\0d75cb75cd30b13fdd4834afd69acb19.php 第 25 行.
NOTIC: [8] Undefined index: catId E:\wamp64\www\News\Application\Runtime\Cache\Home\0d75cb75cd30b13fdd4834afd69acb19.php 第 25 行.
NOTIC: [8] Undefined index: catId E:\wamp64\www\News\Application\Runtime\Cache\Home\0d75cb75cd30b13fdd4834afd69acb19.php 第 25 行.
INFO: Run Behavior\ParseTemplateBehavior [ RunTime:0.016001s ]
INFO: [ view_parse ] --END-- [ RunTime:0.017001s ]
INFO: [ view_filter ] --START--
INFO: Run Behavior\WriteHtmlCacheBehavior [ RunTime:0.000000s ]
INFO: [ view_filter ] --END-- [ RunTime:0.000000s ]
INFO: [ app_end ] --START--
INFO: Run Behavior\ShowPageTraceBehavior [ RunTime:0.001000s ]
INFO: [ app_end ] --END-- [ RunTime:0.001000s ]

[ 2016-08-08T13:26:52+08:00 ] ::1 /News/index.php
INFO: [ app_init ] --START--
INFO: Run Behavior\BuildLiteBehavior [ RunTime:0.000000s ]
INFO: [ app_init ] --END-- [ RunTime:0.000000s ]
INFO: [ app_begin ] --START--
INFO: Run Behavior\ReadHtmlCacheBehavior [ RunTime:0.000000s ]
INFO: [ app_begin ] --END-- [ RunTime:0.001000s ]
NOTIC: [2048] Declaration of Home\Controller\CommonController::error() should be compatible with Think\Controller::error($message = '', $jumpUrl = '', $ajax = false) E:\wamp64\www\News\Application\Home\Controller\CommonController.class.php 第 23 行.
NOTIC: [2048] Declaration of Common\Model\PositionContentModel::delete() should be compatible with Think\Model::delete($options = Array) E:\wamp64\www\News\Application\Common\Model\PositionContentModel.class.php 第 7 行.
SQL: SHOW COLUMNS FROM `cms_position_content` [ RunTime:0.0010s ]
SQL: SELECT * FROM `cms_position_content` WHERE ( position_id=1 ) ORDER BY listorder desc LIMIT 1   [ RunTime:0.0010s ]
SQL: SELECT * FROM `cms_position_content` WHERE ( position_id=3 ) ORDER BY listorder desc LIMIT 3   [ RunTime:0.0000s ]
NOTIC: [2048] Declaration of Common\Model\NewsModel::find() should be compatible with Think\Model::find($options = Array) E:\wamp64\www\News\Application\Common\Model\NewsModel.class.php 第 124 行.
SQL: SHOW COLUMNS FROM `cms_news` [ RunTime:0.0000s ]
SQL: SELECT * FROM `cms_news` WHERE ( status=1 ) ORDER BY count desc, news_id desc LIMIT 30   [ RunTime:0.0000s ]
SQL: SELECT * FROM `cms_position_content` WHERE ( position_id=5 ) ORDER BY listorder desc LIMIT 2   [ RunTime:0.0000s ]
INFO: [ view_parse ] --START--
INFO: [ template_filter ] --START--
INFO: Run Behavior\ContentReplaceBehavior [ RunTime:0.000000s ]
INFO: [ template_filter ] --END-- [ RunTime:0.000000s ]
NOTIC: [2048] Declaration of Common\Model\BasicModel::save() should be compatible with Think\Model::save($data = '', $options = Array) E:\wamp64\www\News\Application\Common\Model\BasicModel.class.php 第 32 行.
NOTIC: [2048] Declaration of Common\Model\BasicModel::select() should be compatible with Think\Model::select($options = Array) E:\wamp64\www\News\Application\Common\Model\BasicModel.class.php 第 32 行.
NOTIC: [2048] Declaration of Common\Model\MenuModel::find() should be compatible with Think\Model::find($options = Array) E:\wamp64\www\News\Application\Common\Model\MenuModel.class.php 第 123 行.
SQL: SHOW COLUMNS FROM `cms_menu` [ RunTime:0.0000s ]
SQL: SELECT * FROM `cms_menu` WHERE ( type=0 ) ORDER BY menu_id asc  [ RunTime:0.0000s ]
INFO: Run Behavior\ParseTemplateBehavior [ RunTime:0.017001s ]
INFO: [ view_parse ] --END-- [ RunTime:0.017001s ]
INFO: [ view_filter ] --START--
INFO: Run Behavior\WriteHtmlCacheBehavior [ RunTime:0.001000s ]
INFO: [ view_filter ] --END-- [ RunTime:0.001000s ]
INFO: [ app_end ] --START--
INFO: Run Behavior\ShowPageTraceBehavior [ RunTime:0.000000s ]
INFO: [ app_end ] --END-- [ RunTime:0.001001s ]

[ 2016-08-08T13:26:52+08:00 ] ::1 /News/index.php?c=Index&a=getCount
INFO: [ app_init ] --START--
INFO: Run Behavior\BuildLiteBehavior [ RunTime:0.000000s ]
INFO: [ app_init ] --END-- [ RunTime:0.001000s ]
INFO: [ app_begin ] --START--
INFO: Run Behavior\ReadHtmlCacheBehavior [ RunTime:0.000000s ]
INFO: [ app_begin ] --END-- [ RunTime:0.000000s ]
NOTIC: [2048] Declaration of Home\Controller\CommonController::error() should be compatible with Think\Controller::error($message = '', $jumpUrl = '', $ajax = false) E:\wamp64\www\News\Application\Home\Controller\CommonController.class.php 第 23 行.
NOTIC: [2048] Declaration of Common\Model\NewsModel::find() should be compatible with Think\Model::find($options = Array) E:\wamp64\www\News\Application\Common\Model\NewsModel.class.php 第 7 行.
SQL: SHOW COLUMNS FROM `cms_news` [ RunTime:0.0010s ]
SQL: SELECT * FROM `cms_news` WHERE `news_id` IN ('23','29','27','26','25','22','24')  [ RunTime:0.1970s ]

[ 2016-08-08T13:26:55+08:00 ] ::1 /News/index.php?c=Detail&id=27
INFO: [ app_init ] --START--
INFO: Run Behavior\BuildLiteBehavior [ RunTime:0.000000s ]
INFO: [ app_init ] --END-- [ RunTime:0.000000s ]
INFO: [ app_begin ] --START--
INFO: Run Behavior\ReadHtmlCacheBehavior [ RunTime:0.000000s ]
INFO: [ app_begin ] --END-- [ RunTime:0.000000s ]
NOTIC: [2048] Declaration of Home\Controller\CommonController::error() should be compatible with Think\Controller::error($message = '', $jumpUrl = '', $ajax = false) E:\wamp64\www\News\Application\Home\Controller\CommonController.class.php 第 23 行.
NOTIC: [2048] Declaration of Common\Model\NewsModel::find() should be compatible with Think\Model::find($options = Array) E:\wamp64\www\News\Application\Common\Model\NewsModel.class.php 第 7 行.
SQL: SHOW COLUMNS FROM `cms_news` [ RunTime:0.0000s ]
SQL: SELECT * FROM `cms_news` WHERE ( status=1 ) ORDER BY count desc, news_id desc LIMIT 10   [ RunTime:0.0010s ]
NOTIC: [2048] Declaration of Common\Model\PositionContentModel::delete() should be compatible with Think\Model::delete($options = Array) E:\wamp64\www\News\Application\Common\Model\PositionContentModel.class.php 第 92 行.
SQL: SHOW COLUMNS FROM `cms_position_content` [ RunTime:0.0000s ]
SQL: SELECT * FROM `cms_position_content` WHERE ( position_id=5 ) ORDER BY listorder desc LIMIT 2   [ RunTime:0.0000s ]
SQL: SELECT * FROM `cms_news` WHERE ( news_id=27 ) LIMIT 1   [ RunTime:0.0010s ]
NOTIC: [2048] Declaration of Common\Model\NewsContentModel::find() should be compatible with Think\Model::find($options = Array) E:\wamp64\www\News\Application\Common\Model\NewsContentModel.class.php 第 53 行.
SQL: SHOW COLUMNS FROM `cms_news_content` [ RunTime:0.0010s ]
SQL: SELECT * FROM `cms_news_content` WHERE ( news_id=27 ) LIMIT 1   [ RunTime:0.0000s ]
SQL: UPDATE `cms_news` SET `count`='22' WHERE ( news_id=27 ) [ RunTime:0.0000s ]
INFO: [ view_parse ] --START--
INFO: [ template_filter ] --START--
INFO: Run Behavior\ContentReplaceBehavior [ RunTime:0.000000s ]
INFO: [ template_filter ] --END-- [ RunTime:0.000000s ]
NOTIC: [2048] Declaration of Common\Model\BasicModel::save() should be compatible with Think\Model::save($data = '', $options = Array) E:\wamp64\www\News\Application\Common\Model\BasicModel.class.php 第 32 行.
NOTIC: [2048] Declaration of Common\Model\BasicModel::select() should be compatible with Think\Model::select($options = Array) E:\wamp64\www\News\Application\Common\Model\BasicModel.class.php 第 32 行.
NOTIC: [2048] Declaration of Common\Model\MenuModel::find() should be compatible with Think\Model::find($options = Array) E:\wamp64\www\News\Application\Common\Model\MenuModel.class.php 第 123 行.
SQL: SHOW COLUMNS FROM `cms_menu` [ RunTime:0.0000s ]
SQL: SELECT * FROM `cms_menu` WHERE ( type=0 ) ORDER BY menu_id asc  [ RunTime:0.0000s ]
NOTIC: [8] Undefined index: catId E:\wamp64\www\News\Application\Runtime\Cache\Home\0d75cb75cd30b13fdd4834afd69acb19.php 第 24 行.
NOTIC: [8] Undefined index: catId E:\wamp64\www\News\Application\Runtime\Cache\Home\0d75cb75cd30b13fdd4834afd69acb19.php 第 25 行.
NOTIC: [8] Undefined index: catId E:\wamp64\www\News\Application\Runtime\Cache\Home\0d75cb75cd30b13fdd4834afd69acb19.php 第 25 行.
NOTIC: [8] Undefined index: catId E:\wamp64\www\News\Application\Runtime\Cache\Home\0d75cb75cd30b13fdd4834afd69acb19.php 第 25 行.
NOTIC: [8] Undefined index: catId E:\wamp64\www\News\Application\Runtime\Cache\Home\0d75cb75cd30b13fdd4834afd69acb19.php 第 25 行.
NOTIC: [8] Undefined index: catId E:\wamp64\www\News\Application\Runtime\Cache\Home\0d75cb75cd30b13fdd4834afd69acb19.php 第 25 行.
INFO: Run Behavior\ParseTemplateBehavior [ RunTime:0.016001s ]
INFO: [ view_parse ] --END-- [ RunTime:0.016001s ]
INFO: [ view_filter ] --START--
INFO: Run Behavior\WriteHtmlCacheBehavior [ RunTime:0.001000s ]
INFO: [ view_filter ] --END-- [ RunTime:0.001000s ]
INFO: [ app_end ] --START--
INFO: Run Behavior\ShowPageTraceBehavior [ RunTime:0.000000s ]
INFO: [ app_end ] --END-- [ RunTime:0.001000s ]

[ 2016-08-08T13:26:57+08:00 ] ::1 /News/index.php?c=Detail&id=27
INFO: [ app_init ] --START--
INFO: Run Behavior\BuildLiteBehavior [ RunTime:0.000000s ]
INFO: [ app_init ] --END-- [ RunTime:0.001000s ]
INFO: [ app_begin ] --START--
INFO: Run Behavior\ReadHtmlCacheBehavior [ RunTime:0.000000s ]
INFO: [ app_begin ] --END-- [ RunTime:0.000000s ]
NOTIC: [2048] Declaration of Home\Controller\CommonController::error() should be compatible with Think\Controller::error($message = '', $jumpUrl = '', $ajax = false) E:\wamp64\www\News\Application\Home\Controller\CommonController.class.php 第 23 行.
NOTIC: [2048] Declaration of Common\Model\NewsModel::find() should be compatible with Think\Model::find($options = Array) E:\wamp64\www\News\Application\Common\Model\NewsModel.class.php 第 7 行.
SQL: SHOW COLUMNS FROM `cms_news` [ RunTime:0.0000s ]
SQL: SELECT * FROM `cms_news` WHERE ( status=1 ) ORDER BY count desc, news_id desc LIMIT 10   [ RunTime:0.0010s ]
NOTIC: [2048] Declaration of Common\Model\PositionContentModel::delete() should be compatible with Think\Model::delete($options = Array) E:\wamp64\www\News\Application\Common\Model\PositionContentModel.class.php 第 92 行.
SQL: SHOW COLUMNS FROM `cms_position_content` [ RunTime:0.0010s ]
SQL: SELECT * FROM `cms_position_content` WHERE ( position_id=5 ) ORDER BY listorder desc LIMIT 2   [ RunTime:0.0000s ]
SQL: SELECT * FROM `cms_news` WHERE ( news_id=27 ) LIMIT 1   [ RunTime:0.0010s ]
NOTIC: [2048] Declaration of Common\Model\NewsContentModel::find() should be compatible with Think\Model::find($options = Array) E:\wamp64\www\News\Application\Common\Model\NewsContentModel.class.php 第 53 行.
SQL: SHOW COLUMNS FROM `cms_news_content` [ RunTime:0.0000s ]
SQL: SELECT * FROM `cms_news_content` WHERE ( news_id=27 ) LIMIT 1   [ RunTime:0.0010s ]
SQL: UPDATE `cms_news` SET `count`='23' WHERE ( news_id=27 ) [ RunTime:0.0000s ]
INFO: [ view_parse ] --START--
INFO: [ template_filter ] --START--
INFO: Run Behavior\ContentReplaceBehavior [ RunTime:0.000000s ]
INFO: [ template_filter ] --END-- [ RunTime:0.000000s ]
NOTIC: [2048] Declaration of Common\Model\BasicModel::save() should be compatible with Think\Model::save($data = '', $options = Array) E:\wamp64\www\News\Application\Common\Model\BasicModel.class.php 第 32 行.
NOTIC: [2048] Declaration of Common\Model\BasicModel::select() should be compatible with Think\Model::select($options = Array) E:\wamp64\www\News\Application\Common\Model\BasicModel.class.php 第 32 行.
NOTIC: [2048] Declaration of Common\Model\MenuModel::find() should be compatible with Think\Model::find($options = Array) E:\wamp64\www\News\Application\Common\Model\MenuModel.class.php 第 123 行.
SQL: SHOW COLUMNS FROM `cms_menu` [ RunTime:0.0010s ]
SQL: SELECT * FROM `cms_menu` WHERE ( type=0 ) ORDER BY menu_id asc  [ RunTime:0.0010s ]
NOTIC: [8] Undefined index: catId E:\wamp64\www\News\Application\Runtime\Cache\Home\0d75cb75cd30b13fdd4834afd69acb19.php 第 24 行.
NOTIC: [8] Undefined index: catId E:\wamp64\www\News\Application\Runtime\Cache\Home\0d75cb75cd30b13fdd4834afd69acb19.php 第 25 行.
NOTIC: [8] Undefined index: catId E:\wamp64\www\News\Application\Runtime\Cache\Home\0d75cb75cd30b13fdd4834afd69acb19.php 第 25 行.
NOTIC: [8] Undefined index: catId E:\wamp64\www\News\Application\Runtime\Cache\Home\0d75cb75cd30b13fdd4834afd69acb19.php 第 25 行.
NOTIC: [8] Undefined index: catId E:\wamp64\www\News\Application\Runtime\Cache\Home\0d75cb75cd30b13fdd4834afd69acb19.php 第 25 行.
NOTIC: [8] Undefined index: catId E:\wamp64\www\News\Application\Runtime\Cache\Home\0d75cb75cd30b13fdd4834afd69acb19.php 第 25 行.
INFO: Run Behavior\ParseTemplateBehavior [ RunTime:0.016001s ]
INFO: [ view_parse ] --END-- [ RunTime:0.016001s ]
INFO: [ view_filter ] --START--
INFO: Run Behavior\WriteHtmlCacheBehavior [ RunTime:0.001000s ]
INFO: [ view_filter ] --END-- [ RunTime:0.001000s ]
INFO: [ app_end ] --START--
INFO: Run Behavior\ShowPageTraceBehavior [ RunTime:0.000000s ]
INFO: [ app_end ] --END-- [ RunTime:0.000000s ]

[ 2016-08-08T13:26:59+08:00 ] ::1 /News/index.php?c=Detail&id=27
INFO: [ app_init ] --START--
INFO: Run Behavior\BuildLiteBehavior [ RunTime:0.000000s ]
INFO: [ app_init ] --END-- [ RunTime:0.000000s ]
INFO: [ app_begin ] --START--
INFO: Run Behavior\ReadHtmlCacheBehavior [ RunTime:0.000000s ]
INFO: [ app_begin ] --END-- [ RunTime:0.000000s ]
NOTIC: [2048] Declaration of Home\Controller\CommonController::error() should be compatible with Think\Controller::error($message = '', $jumpUrl = '', $ajax = false) E:\wamp64\www\News\Application\Home\Controller\CommonController.class.php 第 23 行.
NOTIC: [2048] Declaration of Common\Model\NewsModel::find() should be compatible with Think\Model::find($options = Array) E:\wamp64\www\News\Application\Common\Model\NewsModel.class.php 第 7 行.
SQL: SHOW COLUMNS FROM `cms_news` [ RunTime:0.0000s ]
SQL: SELECT * FROM `cms_news` WHERE ( status=1 ) ORDER BY count desc, news_id desc LIMIT 10   [ RunTime:0.0000s ]
NOTIC: [2048] Declaration of Common\Model\PositionContentModel::delete() should be compatible with Think\Model::delete($options = Array) E:\wamp64\www\News\Application\Common\Model\PositionContentModel.class.php 第 92 行.
SQL: SHOW COLUMNS FROM `cms_position_content` [ RunTime:0.0000s ]
SQL: SELECT * FROM `cms_position_content` WHERE ( position_id=5 ) ORDER BY listorder desc LIMIT 2   [ RunTime:0.0000s ]
SQL: SELECT * FROM `cms_news` WHERE ( news_id=27 ) LIMIT 1   [ RunTime:0.0000s ]
NOTIC: [2048] Declaration of Common\Model\NewsContentModel::find() should be compatible with Think\Model::find($options = Array) E:\wamp64\www\News\Application\Common\Model\NewsContentModel.class.php 第 53 行.
SQL: SHOW COLUMNS FROM `cms_news_content` [ RunTime:0.0010s ]
SQL: SELECT * FROM `cms_news_content` WHERE ( news_id=27 ) LIMIT 1   [ RunTime:0.0000s ]
SQL: UPDATE `cms_news` SET `count`='24' WHERE ( news_id=27 ) [ RunTime:0.0000s ]
INFO: [ view_parse ] --START--
INFO: [ template_filter ] --START--
INFO: Run Behavior\ContentReplaceBehavior [ RunTime:0.000000s ]
INFO: [ template_filter ] --END-- [ RunTime:0.001000s ]
NOTIC: [2048] Declaration of Common\Model\BasicModel::save() should be compatible with Think\Model::save($data = '', $options = Array) E:\wamp64\www\News\Application\Common\Model\BasicModel.class.php 第 32 行.
NOTIC: [2048] Declaration of Common\Model\BasicModel::select() should be compatible with Think\Model::select($options = Array) E:\wamp64\www\News\Application\Common\Model\BasicModel.class.php 第 32 行.
NOTIC: [2048] Declaration of Common\Model\MenuModel::find() should be compatible with Think\Model::find($options = Array) E:\wamp64\www\News\Application\Common\Model\MenuModel.class.php 第 123 行.
SQL: SHOW COLUMNS FROM `cms_menu` [ RunTime:0.0010s ]
SQL: SELECT * FROM `cms_menu` WHERE ( type=0 ) ORDER BY menu_id asc  [ RunTime:0.0000s ]
NOTIC: [8] Undefined index: catId E:\wamp64\www\News\Application\Runtime\Cache\Home\0d75cb75cd30b13fdd4834afd69acb19.php 第 24 行.
NOTIC: [8] Undefined index: catId E:\wamp64\www\News\Application\Runtime\Cache\Home\0d75cb75cd30b13fdd4834afd69acb19.php 第 25 行.
NOTIC: [8] Undefined index: catId E:\wamp64\www\News\Application\Runtime\Cache\Home\0d75cb75cd30b13fdd4834afd69acb19.php 第 25 行.
NOTIC: [8] Undefined index: catId E:\wamp64\www\News\Application\Runtime\Cache\Home\0d75cb75cd30b13fdd4834afd69acb19.php 第 25 行.
NOTIC: [8] Undefined index: catId E:\wamp64\www\News\Application\Runtime\Cache\Home\0d75cb75cd30b13fdd4834afd69acb19.php 第 25 行.
NOTIC: [8] Undefined index: catId E:\wamp64\www\News\Application\Runtime\Cache\Home\0d75cb75cd30b13fdd4834afd69acb19.php 第 25 行.
INFO: Run Behavior\ParseTemplateBehavior [ RunTime:0.017001s ]
INFO: [ view_parse ] --END-- [ RunTime:0.017001s ]
INFO: [ view_filter ] --START--
INFO: Run Behavior\WriteHtmlCacheBehavior [ RunTime:0.000000s ]
INFO: [ view_filter ] --END-- [ RunTime:0.000000s ]
INFO: [ app_end ] --START--
INFO: Run Behavior\ShowPageTraceBehavior [ RunTime:0.001000s ]
INFO: [ app_end ] --END-- [ RunTime:0.001000s ]

[ 2016-08-08T13:27:01+08:00 ] ::1 /News/index.php?c=Detail&id=27
INFO: [ app_init ] --START--
INFO: Run Behavior\BuildLiteBehavior [ RunTime:0.000000s ]
INFO: [ app_init ] --END-- [ RunTime:0.000000s ]
INFO: [ app_begin ] --START--
INFO: Run Behavior\ReadHtmlCacheBehavior [ RunTime:0.001000s ]
INFO: [ app_begin ] --END-- [ RunTime:0.001000s ]
NOTIC: [2048] Declaration of Home\Controller\CommonController::error() should be compatible with Think\Controller::error($message = '', $jumpUrl = '', $ajax = false) E:\wamp64\www\News\Application\Home\Controller\CommonController.class.php 第 23 行.
NOTIC: [2048] Declaration of Common\Model\NewsModel::find() should be compatible with Think\Model::find($options = Array) E:\wamp64\www\News\Application\Common\Model\NewsModel.class.php 第 7 行.
SQL: SHOW COLUMNS FROM `cms_news` [ RunTime:0.0010s ]
SQL: SELECT * FROM `cms_news` WHERE ( status=1 ) ORDER BY count desc, news_id desc LIMIT 10   [ RunTime:0.0010s ]
NOTIC: [2048] Declaration of Common\Model\PositionContentModel::delete() should be compatible with Think\Model::delete($options = Array) E:\wamp64\www\News\Application\Common\Model\PositionContentModel.class.php 第 92 行.
SQL: SHOW COLUMNS FROM `cms_position_content` [ RunTime:0.0000s ]
SQL: SELECT * FROM `cms_position_content` WHERE ( position_id=5 ) ORDER BY listorder desc LIMIT 2   [ RunTime:0.0010s ]
SQL: SELECT * FROM `cms_news` WHERE ( news_id=27 ) LIMIT 1   [ RunTime:0.0000s ]
NOTIC: [2048] Declaration of Common\Model\NewsContentModel::find() should be compatible with Think\Model::find($options = Array) E:\wamp64\www\News\Application\Common\Model\NewsContentModel.class.php 第 53 行.
SQL: SHOW COLUMNS FROM `cms_news_content` [ RunTime:0.0000s ]
SQL: SELECT * FROM `cms_news_content` WHERE ( news_id=27 ) LIMIT 1   [ RunTime:0.0010s ]
SQL: UPDATE `cms_news` SET `count`='25' WHERE ( news_id=27 ) [ RunTime:0.0000s ]
INFO: [ view_parse ] --START--
INFO: [ template_filter ] --START--
INFO: Run Behavior\ContentReplaceBehavior [ RunTime:0.000000s ]
INFO: [ template_filter ] --END-- [ RunTime:0.001000s ]
NOTIC: [2048] Declaration of Common\Model\BasicModel::save() should be compatible with Think\Model::save($data = '', $options = Array) E:\wamp64\www\News\Application\Common\Model\BasicModel.class.php 第 32 行.
NOTIC: [2048] Declaration of Common\Model\BasicModel::select() should be compatible with Think\Model::select($options = Array) E:\wamp64\www\News\Application\Common\Model\BasicModel.class.php 第 32 行.
NOTIC: [2048] Declaration of Common\Model\MenuModel::find() should be compatible with Think\Model::find($options = Array) E:\wamp64\www\News\Application\Common\Model\MenuModel.class.php 第 123 行.
SQL: SHOW COLUMNS FROM `cms_menu` [ RunTime:0.0000s ]
SQL: SELECT * FROM `cms_menu` WHERE ( type=0 ) ORDER BY menu_id asc  [ RunTime:0.0000s ]
NOTIC: [8] Undefined index: catId E:\wamp64\www\News\Application\Runtime\Cache\Home\0d75cb75cd30b13fdd4834afd69acb19.php 第 24 行.
NOTIC: [8] Undefined index: catId E:\wamp64\www\News\Application\Runtime\Cache\Home\0d75cb75cd30b13fdd4834afd69acb19.php 第 25 行.
NOTIC: [8] Undefined index: catId E:\wamp64\www\News\Application\Runtime\Cache\Home\0d75cb75cd30b13fdd4834afd69acb19.php 第 25 行.
NOTIC: [8] Undefined index: catId E:\wamp64\www\News\Application\Runtime\Cache\Home\0d75cb75cd30b13fdd4834afd69acb19.php 第 25 行.
NOTIC: [8] Undefined index: catId E:\wamp64\www\News\Application\Runtime\Cache\Home\0d75cb75cd30b13fdd4834afd69acb19.php 第 25 行.
NOTIC: [8] Undefined index: catId E:\wamp64\www\News\Application\Runtime\Cache\Home\0d75cb75cd30b13fdd4834afd69acb19.php 第 25 行.
INFO: Run Behavior\ParseTemplateBehavior [ RunTime:0.015001s ]
INFO: [ view_parse ] --END-- [ RunTime:0.015001s ]
INFO: [ view_filter ] --START--
INFO: Run Behavior\WriteHtmlCacheBehavior [ RunTime:0.000000s ]
INFO: [ view_filter ] --END-- [ RunTime:0.000000s ]
INFO: [ app_end ] --START--
INFO: Run Behavior\ShowPageTraceBehavior [ RunTime:0.001000s ]
INFO: [ app_end ] --END-- [ RunTime:0.001000s ]

[ 2016-08-08T13:27:02+08:00 ] ::1 /News/index.php
INFO: [ app_init ] --START--
INFO: Run Behavior\BuildLiteBehavior [ RunTime:0.000000s ]
INFO: [ app_init ] --END-- [ RunTime:0.000000s ]
INFO: [ app_begin ] --START--
INFO: Run Behavior\ReadHtmlCacheBehavior [ RunTime:0.000000s ]
INFO: [ app_begin ] --END-- [ RunTime:0.000000s ]
NOTIC: [2048] Declaration of Home\Controller\CommonController::error() should be compatible with Think\Controller::error($message = '', $jumpUrl = '', $ajax = false) E:\wamp64\www\News\Application\Home\Controller\CommonController.class.php 第 23 行.
NOTIC: [2048] Declaration of Common\Model\PositionContentModel::delete() should be compatible with Think\Model::delete($options = Array) E:\wamp64\www\News\Application\Common\Model\PositionContentModel.class.php 第 7 行.
SQL: SHOW COLUMNS FROM `cms_position_content` [ RunTime:0.0010s ]
SQL: SELECT * FROM `cms_position_content` WHERE ( position_id=1 ) ORDER BY listorder desc LIMIT 1   [ RunTime:0.0010s ]
SQL: SELECT * FROM `cms_position_content` WHERE ( position_id=3 ) ORDER BY listorder desc LIMIT 3   [ RunTime:0.0000s ]
NOTIC: [2048] Declaration of Common\Model\NewsModel::find() should be compatible with Think\Model::find($options = Array) E:\wamp64\www\News\Application\Common\Model\NewsModel.class.php 第 124 行.
SQL: SHOW COLUMNS FROM `cms_news` [ RunTime:0.0000s ]
SQL: SELECT * FROM `cms_news` WHERE ( status=1 ) ORDER BY count desc, news_id desc LIMIT 30   [ RunTime:0.0000s ]
SQL: SELECT * FROM `cms_position_content` WHERE ( position_id=5 ) ORDER BY listorder desc LIMIT 2   [ RunTime:0.0000s ]
INFO: [ view_parse ] --START--
INFO: [ template_filter ] --START--
INFO: Run Behavior\ContentReplaceBehavior [ RunTime:0.000000s ]
INFO: [ template_filter ] --END-- [ RunTime:0.000000s ]
NOTIC: [2048] Declaration of Common\Model\BasicModel::save() should be compatible with Think\Model::save($data = '', $options = Array) E:\wamp64\www\News\Application\Common\Model\BasicModel.class.php 第 32 行.
NOTIC: [2048] Declaration of Common\Model\BasicModel::select() should be compatible with Think\Model::select($options = Array) E:\wamp64\www\News\Application\Common\Model\BasicModel.class.php 第 32 行.
NOTIC: [2048] Declaration of Common\Model\MenuModel::find() should be compatible with Think\Model::find($options = Array) E:\wamp64\www\News\Application\Common\Model\MenuModel.class.php 第 123 行.
SQL: SHOW COLUMNS FROM `cms_menu` [ RunTime:0.0000s ]
SQL: SELECT * FROM `cms_menu` WHERE ( type=0 ) ORDER BY menu_id asc  [ RunTime:0.0000s ]
INFO: Run Behavior\ParseTemplateBehavior [ RunTime:0.018001s ]
INFO: [ view_parse ] --END-- [ RunTime:0.018001s ]
INFO: [ view_filter ] --START--
INFO: Run Behavior\WriteHtmlCacheBehavior [ RunTime:0.000000s ]
INFO: [ view_filter ] --END-- [ RunTime:0.001000s ]
INFO: [ app_end ] --START--
INFO: Run Behavior\ShowPageTraceBehavior [ RunTime:0.001000s ]
INFO: [ app_end ] --END-- [ RunTime:0.001000s ]

[ 2016-08-08T13:27:03+08:00 ] ::1 /News/index.php?c=Index&a=getCount
INFO: [ app_init ] --START--
INFO: Run Behavior\BuildLiteBehavior [ RunTime:0.000000s ]
INFO: [ app_init ] --END-- [ RunTime:0.000000s ]
INFO: [ app_begin ] --START--
INFO: Run Behavior\ReadHtmlCacheBehavior [ RunTime:0.001000s ]
INFO: [ app_begin ] --END-- [ RunTime:0.001000s ]
NOTIC: [2048] Declaration of Home\Controller\CommonController::error() should be compatible with Think\Controller::error($message = '', $jumpUrl = '', $ajax = false) E:\wamp64\www\News\Application\Home\Controller\CommonController.class.php 第 23 行.
NOTIC: [2048] Declaration of Common\Model\NewsModel::find() should be compatible with Think\Model::find($options = Array) E:\wamp64\www\News\Application\Common\Model\NewsModel.class.php 第 7 行.
SQL: SHOW COLUMNS FROM `cms_news` [ RunTime:0.0010s ]
SQL: SELECT * FROM `cms_news` WHERE `news_id` IN ('23','27','29','26','25','22','24')  [ RunTime:0.0000s ]

[ 2016-08-08T13:27:08+08:00 ] ::1 /News/index.php?c=Detail&a=view&id=27
INFO: [ app_init ] --START--
INFO: Run Behavior\BuildLiteBehavior [ RunTime:0.000000s ]
INFO: [ app_init ] --END-- [ RunTime:0.001000s ]
INFO: [ app_begin ] --START--
INFO: Run Behavior\ReadHtmlCacheBehavior [ RunTime:0.001000s ]
INFO: [ app_begin ] --END-- [ RunTime:0.001000s ]
NOTIC: [2048] Declaration of Home\Controller\CommonController::error() should be compatible with Think\Controller::error($message = '', $jumpUrl = '', $ajax = false) E:\wamp64\www\News\Application\Home\Controller\CommonController.class.php 第 23 行.
NOTIC: [2048] Declaration of Common\Model\NewsModel::find() should be compatible with Think\Model::find($options = Array) E:\wamp64\www\News\Application\Common\Model\NewsModel.class.php 第 7 行.
SQL: SHOW COLUMNS FROM `cms_news` [ RunTime:0.0010s ]
SQL: SELECT * FROM `cms_news` WHERE ( status=1 ) ORDER BY count desc, news_id desc LIMIT 10   [ RunTime:0.0000s ]
NOTIC: [2048] Declaration of Common\Model\PositionContentModel::delete() should be compatible with Think\Model::delete($options = Array) E:\wamp64\www\News\Application\Common\Model\PositionContentModel.class.php 第 92 行.
SQL: SHOW COLUMNS FROM `cms_position_content` [ RunTime:0.0000s ]
SQL: SELECT * FROM `cms_position_content` WHERE ( position_id=5 ) ORDER BY listorder desc LIMIT 2   [ RunTime:0.0010s ]
SQL: SELECT * FROM `cms_news` WHERE ( news_id=27 ) LIMIT 1   [ RunTime:0.0000s ]
NOTIC: [2048] Declaration of Common\Model\NewsContentModel::find() should be compatible with Think\Model::find($options = Array) E:\wamp64\www\News\Application\Common\Model\NewsContentModel.class.php 第 53 行.
SQL: SHOW COLUMNS FROM `cms_news_content` [ RunTime:0.0000s ]
SQL: SELECT * FROM `cms_news_content` WHERE ( news_id=27 ) LIMIT 1   [ RunTime:0.0000s ]
SQL: UPDATE `cms_news` SET `count`='26' WHERE ( news_id=27 ) [ RunTime:0.0000s ]
INFO: [ view_parse ] --START--
INFO: [ template_filter ] --START--
INFO: Run Behavior\ContentReplaceBehavior [ RunTime:0.000000s ]
INFO: [ template_filter ] --END-- [ RunTime:0.000000s ]
NOTIC: [2048] Declaration of Common\Model\BasicModel::save() should be compatible with Think\Model::save($data = '', $options = Array) E:\wamp64\www\News\Application\Common\Model\BasicModel.class.php 第 32 行.
NOTIC: [2048] Declaration of Common\Model\BasicModel::select() should be compatible with Think\Model::select($options = Array) E:\wamp64\www\News\Application\Common\Model\BasicModel.class.php 第 32 行.
NOTIC: [2048] Declaration of Common\Model\MenuModel::find() should be compatible with Think\Model::find($options = Array) E:\wamp64\www\News\Application\Common\Model\MenuModel.class.php 第 123 行.
SQL: SHOW COLUMNS FROM `cms_menu` [ RunTime:0.0010s ]
SQL: SELECT * FROM `cms_menu` WHERE ( type=0 ) ORDER BY menu_id asc  [ RunTime:0.0000s ]
NOTIC: [8] Undefined index: catId E:\wamp64\www\News\Application\Runtime\Cache\Home\0d75cb75cd30b13fdd4834afd69acb19.php 第 24 行.
NOTIC: [8] Undefined index: catId E:\wamp64\www\News\Application\Runtime\Cache\Home\0d75cb75cd30b13fdd4834afd69acb19.php 第 25 行.
NOTIC: [8] Undefined index: catId E:\wamp64\www\News\Application\Runtime\Cache\Home\0d75cb75cd30b13fdd4834afd69acb19.php 第 25 行.
NOTIC: [8] Undefined index: catId E:\wamp64\www\News\Application\Runtime\Cache\Home\0d75cb75cd30b13fdd4834afd69acb19.php 第 25 行.
NOTIC: [8] Undefined index: catId E:\wamp64\www\News\Application\Runtime\Cache\Home\0d75cb75cd30b13fdd4834afd69acb19.php 第 25 行.
NOTIC: [8] Undefined index: catId E:\wamp64\www\News\Application\Runtime\Cache\Home\0d75cb75cd30b13fdd4834afd69acb19.php 第 25 行.
INFO: Run Behavior\ParseTemplateBehavior [ RunTime:0.016001s ]
INFO: [ view_parse ] --END-- [ RunTime:0.016001s ]
INFO: [ view_filter ] --START--
INFO: Run Behavior\WriteHtmlCacheBehavior [ RunTime:0.000000s ]
INFO: [ view_filter ] --END-- [ RunTime:0.000000s ]
INFO: [ app_end ] --START--
INFO: Run Behavior\ShowPageTraceBehavior [ RunTime:0.000000s ]
INFO: [ app_end ] --END-- [ RunTime:0.000000s ]

[ 2016-08-08T15:21:45+08:00 ] ::1 /News/index.php
INFO: [ app_init ] --START--
INFO: Run Behavior\BuildLiteBehavior [ RunTime:0.000000s ]
INFO: [ app_init ] --END-- [ RunTime:0.000000s ]
INFO: [ app_begin ] --START--
INFO: Run Behavior\ReadHtmlCacheBehavior [ RunTime:0.000000s ]
INFO: [ app_begin ] --END-- [ RunTime:0.000000s ]
NOTIC: [2048] Declaration of Home\Controller\CommonController::error() should be compatible with Think\Controller::error($message = '', $jumpUrl = '', $ajax = false) E:\wamp64\www\News\Application\Home\Controller\CommonController.class.php 第 23 行.
NOTIC: [2048] Declaration of Common\Model\PositionContentModel::delete() should be compatible with Think\Model::delete($options = Array) E:\wamp64\www\News\Application\Common\Model\PositionContentModel.class.php 第 7 行.
SQL: SHOW COLUMNS FROM `cms_position_content` [ RunTime:0.0190s ]
SQL: SELECT * FROM `cms_position_content` WHERE ( position_id=1 ) ORDER BY listorder desc LIMIT 1   [ RunTime:0.0000s ]
SQL: SELECT * FROM `cms_position_content` WHERE ( position_id=3 ) ORDER BY listorder desc LIMIT 3   [ RunTime:0.0000s ]
NOTIC: [2048] Declaration of Common\Model\NewsModel::find() should be compatible with Think\Model::find($options = Array) E:\wamp64\www\News\Application\Common\Model\NewsModel.class.php 第 177 行.
SQL: SHOW COLUMNS FROM `cms_news` [ RunTime:0.0000s ]
SQL: SELECT * FROM `cms_news` WHERE ( status=1 ) ORDER BY count desc, news_id desc LIMIT 30   [ RunTime:0.0000s ]
SQL: SELECT * FROM `cms_position_content` WHERE ( position_id=5 ) ORDER BY listorder desc LIMIT 2   [ RunTime:0.0010s ]
INFO: [ view_parse ] --START--
INFO: [ template_filter ] --START--
INFO: Run Behavior\ContentReplaceBehavior [ RunTime:0.000000s ]
INFO: [ template_filter ] --END-- [ RunTime:0.000000s ]
NOTIC: [2048] Declaration of Common\Model\BasicModel::save() should be compatible with Think\Model::save($data = '', $options = Array) E:\wamp64\www\News\Application\Common\Model\BasicModel.class.php 第 32 行.
NOTIC: [2048] Declaration of Common\Model\BasicModel::select() should be compatible with Think\Model::select($options = Array) E:\wamp64\www\News\Application\Common\Model\BasicModel.class.php 第 32 行.
NOTIC: [2048] Declaration of Common\Model\MenuModel::find() should be compatible with Think\Model::find($options = Array) E:\wamp64\www\News\Application\Common\Model\MenuModel.class.php 第 123 行.
SQL: SHOW COLUMNS FROM `cms_menu` [ RunTime:0.0000s ]
SQL: SELECT * FROM `cms_menu` WHERE ( type=0 ) ORDER BY menu_id asc  [ RunTime:0.0000s ]
INFO: Run Behavior\ParseTemplateBehavior [ RunTime:0.073004s ]
INFO: [ view_parse ] --END-- [ RunTime:0.073004s ]
INFO: [ view_filter ] --START--
INFO: Run Behavior\WriteHtmlCacheBehavior [ RunTime:0.001000s ]
INFO: [ view_filter ] --END-- [ RunTime:0.001000s ]
INFO: [ app_end ] --START--
INFO: Run Behavior\ShowPageTraceBehavior [ RunTime:0.001001s ]
INFO: [ app_end ] --END-- [ RunTime:0.001001s ]

[ 2016-08-08T15:21:46+08:00 ] ::1 /News/index.php?c=Index&a=getCount
INFO: [ app_init ] --START--
INFO: Run Behavior\BuildLiteBehavior [ RunTime:0.000000s ]
INFO: [ app_init ] --END-- [ RunTime:0.001000s ]
INFO: [ app_begin ] --START--
INFO: Run Behavior\ReadHtmlCacheBehavior [ RunTime:0.000000s ]
INFO: [ app_begin ] --END-- [ RunTime:0.000000s ]
NOTIC: [2048] Declaration of Home\Controller\CommonController::error() should be compatible with Think\Controller::error($message = '', $jumpUrl = '', $ajax = false) E:\wamp64\www\News\Application\Home\Controller\CommonController.class.php 第 23 行.
NOTIC: [2048] Declaration of Common\Model\NewsModel::find() should be compatible with Think\Model::find($options = Array) E:\wamp64\www\News\Application\Common\Model\NewsModel.class.php 第 7 行.
SQL: SHOW COLUMNS FROM `cms_news` [ RunTime:0.0000s ]
SQL: SELECT * FROM `cms_news` WHERE `news_id` IN ('23','27','29','26','25','22','24')  [ RunTime:0.0000s ]

[ 2016-08-08T15:21:55+08:00 ] ::1 /News/index.php?c=Cat&id=7
INFO: [ app_init ] --START--
INFO: Run Behavior\BuildLiteBehavior [ RunTime:0.000000s ]
INFO: [ app_init ] --END-- [ RunTime:0.000000s ]
INFO: [ app_begin ] --START--
INFO: Run Behavior\ReadHtmlCacheBehavior [ RunTime:0.001000s ]
INFO: [ app_begin ] --END-- [ RunTime:0.001000s ]
NOTIC: [2048] Declaration of Home\Controller\CommonController::error() should be compatible with Think\Controller::error($message = '', $jumpUrl = '', $ajax = false) E:\wamp64\www\News\Application\Home\Controller\CommonController.class.php 第 23 行.
NOTIC: [2048] Declaration of Common\Model\NewsModel::find() should be compatible with Think\Model::find($options = Array) E:\wamp64\www\News\Application\Common\Model\NewsModel.class.php 第 7 行.
SQL: SHOW COLUMNS FROM `cms_news` [ RunTime:0.0140s ]
SQL: SELECT * FROM `cms_news` WHERE ( status=1 ) ORDER BY count desc, news_id desc LIMIT 20   [ RunTime:0.0000s ]
NOTIC: [2048] Declaration of Common\Model\PositionContentModel::delete() should be compatible with Think\Model::delete($options = Array) E:\wamp64\www\News\Application\Common\Model\PositionContentModel.class.php 第 143 行.
SQL: SHOW COLUMNS FROM `cms_position_content` [ RunTime:0.0010s ]
SQL: SELECT * FROM `cms_position_content` WHERE ( position_id=5 ) ORDER BY listorder desc LIMIT 2   [ RunTime:0.0010s ]
NOTIC: [2048] Declaration of Common\Model\MenuModel::find() should be compatible with Think\Model::find($options = Array) E:\wamp64\www\News\Application\Common\Model\MenuModel.class.php 第 123 行.
SQL: SHOW COLUMNS FROM `cms_menu` [ RunTime:0.0080s ]
SQL: SELECT * FROM `cms_menu` WHERE ( menu_id=7 ) LIMIT 1   [ RunTime:0.0090s ]
NOTIC: [8] Undefined index: p E:\wamp64\www\News\Application\Home\Controller\CatController.class.php 第 24 行.
NOTIC: [8] Undefined index: pageSize E:\wamp64\www\News\Application\Home\Controller\CatController.class.php 第 25 行.
SQL: SELECT * FROM `cms_news` WHERE `catid` = 7 ORDER BY news_id desc LIMIT 0,2   [ RunTime:0.0220s ]
SQL: SELECT COUNT(*) AS tp_count FROM `cms_news` WHERE `catid` = 7 LIMIT 1   [ RunTime:0.0000s ]
INFO: [ view_parse ] --START--
INFO: [ template_filter ] --START--
INFO: Run Behavior\ContentReplaceBehavior [ RunTime:0.000000s ]
INFO: [ template_filter ] --END-- [ RunTime:0.000000s ]
NOTIC: [2048] Declaration of Common\Model\BasicModel::save() should be compatible with Think\Model::save($data = '', $options = Array) E:\wamp64\www\News\Application\Common\Model\BasicModel.class.php 第 32 行.
NOTIC: [2048] Declaration of Common\Model\BasicModel::select() should be compatible with Think\Model::select($options = Array) E:\wamp64\www\News\Application\Common\Model\BasicModel.class.php 第 32 行.
SQL: SELECT * FROM `cms_menu` WHERE ( type=0 ) ORDER BY menu_id asc  [ RunTime:0.0000s ]
NOTIC: [2] date() expects parameter 2 to be long, string given E:\wamp64\www\News\Application\Runtime\Cache\Home\14fcc139096cfd1d2075eb8db7e60b1e.php 第 45 行.
NOTIC: [2] date() expects parameter 2 to be long, string given E:\wamp64\www\News\Application\Runtime\Cache\Home\14fcc139096cfd1d2075eb8db7e60b1e.php 第 45 行.
INFO: Run Behavior\ParseTemplateBehavior [ RunTime:0.054004s ]
INFO: [ view_parse ] --END-- [ RunTime:0.054004s ]
INFO: [ view_filter ] --START--
INFO: Run Behavior\WriteHtmlCacheBehavior [ RunTime:0.001000s ]
INFO: [ view_filter ] --END-- [ RunTime:0.001000s ]
INFO: [ app_end ] --START--
INFO: Run Behavior\ShowPageTraceBehavior [ RunTime:0.000000s ]
INFO: [ app_end ] --END-- [ RunTime:0.000000s ]

[ 2016-08-08T15:21:56+08:00 ] ::1 /News/index.php?c=Cat&id=8
INFO: [ app_init ] --START--
INFO: Run Behavior\BuildLiteBehavior [ RunTime:0.000000s ]
INFO: [ app_init ] --END-- [ RunTime:0.000000s ]
INFO: [ app_begin ] --START--
INFO: Run Behavior\ReadHtmlCacheBehavior [ RunTime:0.000000s ]
INFO: [ app_begin ] --END-- [ RunTime:0.000000s ]
NOTIC: [2048] Declaration of Home\Controller\CommonController::error() should be compatible with Think\Controller::error($message = '', $jumpUrl = '', $ajax = false) E:\wamp64\www\News\Application\Home\Controller\CommonController.class.php 第 23 行.
NOTIC: [2048] Declaration of Common\Model\NewsModel::find() should be compatible with Think\Model::find($options = Array) E:\wamp64\www\News\Application\Common\Model\NewsModel.class.php 第 7 行.
SQL: SHOW COLUMNS FROM `cms_news` [ RunTime:0.0010s ]
SQL: SELECT * FROM `cms_news` WHERE ( status=1 ) ORDER BY count desc, news_id desc LIMIT 20   [ RunTime:0.0010s ]
NOTIC: [2048] Declaration of Common\Model\PositionContentModel::delete() should be compatible with Think\Model::delete($options = Array) E:\wamp64\www\News\Application\Common\Model\PositionContentModel.class.php 第 143 行.
SQL: SHOW COLUMNS FROM `cms_position_content` [ RunTime:0.0070s ]
SQL: SELECT * FROM `cms_position_content` WHERE ( position_id=5 ) ORDER BY listorder desc LIMIT 2   [ RunTime:0.0040s ]
NOTIC: [2048] Declaration of Common\Model\MenuModel::find() should be compatible with Think\Model::find($options = Array) E:\wamp64\www\News\Application\Common\Model\MenuModel.class.php 第 123 行.
SQL: SHOW COLUMNS FROM `cms_menu` [ RunTime:0.0140s ]
SQL: SELECT * FROM `cms_menu` WHERE ( menu_id=8 ) LIMIT 1   [ RunTime:0.0000s ]
NOTIC: [8] Undefined index: p E:\wamp64\www\News\Application\Home\Controller\CatController.class.php 第 24 行.
NOTIC: [8] Undefined index: pageSize E:\wamp64\www\News\Application\Home\Controller\CatController.class.php 第 25 行.
SQL: SELECT * FROM `cms_news` WHERE `catid` = 8 ORDER BY news_id desc LIMIT 0,2   [ RunTime:0.0010s ]
SQL: SELECT COUNT(*) AS tp_count FROM `cms_news` WHERE `catid` = 8 LIMIT 1   [ RunTime:0.0000s ]
INFO: [ view_parse ] --START--
INFO: [ template_filter ] --START--
INFO: Run Behavior\ContentReplaceBehavior [ RunTime:0.000000s ]
INFO: [ template_filter ] --END-- [ RunTime:0.000000s ]
NOTIC: [2048] Declaration of Common\Model\BasicModel::save() should be compatible with Think\Model::save($data = '', $options = Array) E:\wamp64\www\News\Application\Common\Model\BasicModel.class.php 第 32 行.
NOTIC: [2048] Declaration of Common\Model\BasicModel::select() should be compatible with Think\Model::select($options = Array) E:\wamp64\www\News\Application\Common\Model\BasicModel.class.php 第 32 行.
SQL: SELECT * FROM `cms_menu` WHERE ( type=0 ) ORDER BY menu_id asc  [ RunTime:0.0000s ]
NOTIC: [2] date() expects parameter 2 to be long, string given E:\wamp64\www\News\Application\Runtime\Cache\Home\14fcc139096cfd1d2075eb8db7e60b1e.php 第 45 行.
INFO: Run Behavior\ParseTemplateBehavior [ RunTime:0.014000s ]
INFO: [ view_parse ] --END-- [ RunTime:0.014000s ]
INFO: [ view_filter ] --START--
INFO: Run Behavior\WriteHtmlCacheBehavior [ RunTime:0.001000s ]
INFO: [ view_filter ] --END-- [ RunTime:0.001000s ]
INFO: [ app_end ] --START--
INFO: Run Behavior\ShowPageTraceBehavior [ RunTime:0.000000s ]
INFO: [ app_end ] --END-- [ RunTime:0.000000s ]

[ 2016-08-08T15:21:56+08:00 ] ::1 /News/index.php?c=Cat&id=11
INFO: [ app_init ] --START--
INFO: Run Behavior\BuildLiteBehavior [ RunTime:0.000000s ]
INFO: [ app_init ] --END-- [ RunTime:0.001000s ]
INFO: [ app_begin ] --START--
INFO: Run Behavior\ReadHtmlCacheBehavior [ RunTime:0.000000s ]
INFO: [ app_begin ] --END-- [ RunTime:0.000000s ]
NOTIC: [2048] Declaration of Home\Controller\CommonController::error() should be compatible with Think\Controller::error($message = '', $jumpUrl = '', $ajax = false) E:\wamp64\www\News\Application\Home\Controller\CommonController.class.php 第 23 行.
NOTIC: [2048] Declaration of Common\Model\NewsModel::find() should be compatible with Think\Model::find($options = Array) E:\wamp64\www\News\Application\Common\Model\NewsModel.class.php 第 7 行.
SQL: SHOW COLUMNS FROM `cms_news` [ RunTime:0.0060s ]
SQL: SELECT * FROM `cms_news` WHERE ( status=1 ) ORDER BY count desc, news_id desc LIMIT 20   [ RunTime:0.0000s ]
NOTIC: [2048] Declaration of Common\Model\PositionContentModel::delete() should be compatible with Think\Model::delete($options = Array) E:\wamp64\www\News\Application\Common\Model\PositionContentModel.class.php 第 143 行.
SQL: SHOW COLUMNS FROM `cms_position_content` [ RunTime:0.0090s ]
SQL: SELECT * FROM `cms_position_content` WHERE ( position_id=5 ) ORDER BY listorder desc LIMIT 2   [ RunTime:0.0000s ]
NOTIC: [2048] Declaration of Common\Model\MenuModel::find() should be compatible with Think\Model::find($options = Array) E:\wamp64\www\News\Application\Common\Model\MenuModel.class.php 第 123 行.
SQL: SHOW COLUMNS FROM `cms_menu` [ RunTime:0.0000s ]
SQL: SELECT * FROM `cms_menu` WHERE ( menu_id=11 ) LIMIT 1   [ RunTime:0.0000s ]
NOTIC: [8] Undefined index: p E:\wamp64\www\News\Application\Home\Controller\CatController.class.php 第 24 行.
NOTIC: [8] Undefined index: pageSize E:\wamp64\www\News\Application\Home\Controller\CatController.class.php 第 25 行.
SQL: SELECT * FROM `cms_news` WHERE `catid` = 11 ORDER BY news_id desc LIMIT 0,2   [ RunTime:0.0000s ]
SQL: SELECT COUNT(*) AS tp_count FROM `cms_news` WHERE `catid` = 11 LIMIT 1   [ RunTime:0.0000s ]
INFO: [ view_parse ] --START--
INFO: [ template_filter ] --START--
INFO: Run Behavior\ContentReplaceBehavior [ RunTime:0.000000s ]
INFO: [ template_filter ] --END-- [ RunTime:0.000000s ]
NOTIC: [2048] Declaration of Common\Model\BasicModel::save() should be compatible with Think\Model::save($data = '', $options = Array) E:\wamp64\www\News\Application\Common\Model\BasicModel.class.php 第 32 行.
NOTIC: [2048] Declaration of Common\Model\BasicModel::select() should be compatible with Think\Model::select($options = Array) E:\wamp64\www\News\Application\Common\Model\BasicModel.class.php 第 32 行.
SQL: SELECT * FROM `cms_menu` WHERE ( type=0 ) ORDER BY menu_id asc  [ RunTime:0.0000s ]
NOTIC: [2] date() expects parameter 2 to be long, string given E:\wamp64\www\News\Application\Runtime\Cache\Home\14fcc139096cfd1d2075eb8db7e60b1e.php 第 45 行.
INFO: Run Behavior\ParseTemplateBehavior [ RunTime:0.014001s ]
INFO: [ view_parse ] --END-- [ RunTime:0.014001s ]
INFO: [ view_filter ] --START--
INFO: Run Behavior\WriteHtmlCacheBehavior [ RunTime:0.001000s ]
INFO: [ view_filter ] --END-- [ RunTime:0.001000s ]
INFO: [ app_end ] --START--
INFO: Run Behavior\ShowPageTraceBehavior [ RunTime:0.000000s ]
INFO: [ app_end ] --END-- [ RunTime:0.000000s ]

[ 2016-08-08T15:21:57+08:00 ] ::1 /News/index.php?c=Cat&id=12
INFO: [ app_init ] --START--
INFO: Run Behavior\BuildLiteBehavior [ RunTime:0.000000s ]
INFO: [ app_init ] --END-- [ RunTime:0.001000s ]
INFO: [ app_begin ] --START--
INFO: Run Behavior\ReadHtmlCacheBehavior [ RunTime:0.000000s ]
INFO: [ app_begin ] --END-- [ RunTime:0.000000s ]
NOTIC: [2048] Declaration of Home\Controller\CommonController::error() should be compatible with Think\Controller::error($message = '', $jumpUrl = '', $ajax = false) E:\wamp64\www\News\Application\Home\Controller\CommonController.class.php 第 23 行.
NOTIC: [2048] Declaration of Common\Model\NewsModel::find() should be compatible with Think\Model::find($options = Array) E:\wamp64\www\News\Application\Common\Model\NewsModel.class.php 第 7 行.
SQL: SHOW COLUMNS FROM `cms_news` [ RunTime:0.0140s ]
SQL: SELECT * FROM `cms_news` WHERE ( status=1 ) ORDER BY count desc, news_id desc LIMIT 20   [ RunTime:0.0010s ]
NOTIC: [2048] Declaration of Common\Model\PositionContentModel::delete() should be compatible with Think\Model::delete($options = Array) E:\wamp64\www\News\Application\Common\Model\PositionContentModel.class.php 第 143 行.
SQL: SHOW COLUMNS FROM `cms_position_content` [ RunTime:0.0180s ]
SQL: SELECT * FROM `cms_position_content` WHERE ( position_id=5 ) ORDER BY listorder desc LIMIT 2   [ RunTime:0.0000s ]
NOTIC: [2048] Declaration of Common\Model\MenuModel::find() should be compatible with Think\Model::find($options = Array) E:\wamp64\www\News\Application\Common\Model\MenuModel.class.php 第 123 行.
SQL: SHOW COLUMNS FROM `cms_menu` [ RunTime:0.0000s ]
SQL: SELECT * FROM `cms_menu` WHERE ( menu_id=12 ) LIMIT 1   [ RunTime:0.0000s ]
NOTIC: [8] Undefined index: p E:\wamp64\www\News\Application\Home\Controller\CatController.class.php 第 24 行.
NOTIC: [8] Undefined index: pageSize E:\wamp64\www\News\Application\Home\Controller\CatController.class.php 第 25 行.
SQL: SELECT * FROM `cms_news` WHERE `catid` = 12 ORDER BY news_id desc LIMIT 0,2   [ RunTime:0.0000s ]
SQL: SELECT COUNT(*) AS tp_count FROM `cms_news` WHERE `catid` = 12 LIMIT 1   [ RunTime:0.0000s ]
INFO: [ view_parse ] --START--
INFO: [ template_filter ] --START--
INFO: Run Behavior\ContentReplaceBehavior [ RunTime:0.000000s ]
INFO: [ template_filter ] --END-- [ RunTime:0.000000s ]
NOTIC: [2048] Declaration of Common\Model\BasicModel::save() should be compatible with Think\Model::save($data = '', $options = Array) E:\wamp64\www\News\Application\Common\Model\BasicModel.class.php 第 32 行.
NOTIC: [2048] Declaration of Common\Model\BasicModel::select() should be compatible with Think\Model::select($options = Array) E:\wamp64\www\News\Application\Common\Model\BasicModel.class.php 第 32 行.
SQL: SELECT * FROM `cms_menu` WHERE ( type=0 ) ORDER BY menu_id asc  [ RunTime:0.0000s ]
NOTIC: [2] date() expects parameter 2 to be long, string given E:\wamp64\www\News\Application\Runtime\Cache\Home\14fcc139096cfd1d2075eb8db7e60b1e.php 第 45 行.
INFO: Run Behavior\ParseTemplateBehavior [ RunTime:0.014001s ]
INFO: [ view_parse ] --END-- [ RunTime:0.014001s ]
INFO: [ view_filter ] --START--
INFO: Run Behavior\WriteHtmlCacheBehavior [ RunTime:0.000000s ]
INFO: [ view_filter ] --END-- [ RunTime:0.000000s ]
INFO: [ app_end ] --START--
INFO: Run Behavior\ShowPageTraceBehavior [ RunTime:0.001000s ]
INFO: [ app_end ] --END-- [ RunTime:0.001000s ]

[ 2016-08-08T15:21:57+08:00 ] ::1 /News/index.php?c=Cat&id=13
INFO: [ app_init ] --START--
INFO: Run Behavior\BuildLiteBehavior [ RunTime:0.000000s ]
INFO: [ app_init ] --END-- [ RunTime:0.000000s ]
INFO: [ app_begin ] --START--
INFO: Run Behavior\ReadHtmlCacheBehavior [ RunTime:0.001000s ]
INFO: [ app_begin ] --END-- [ RunTime:0.001000s ]
NOTIC: [2048] Declaration of Home\Controller\CommonController::error() should be compatible with Think\Controller::error($message = '', $jumpUrl = '', $ajax = false) E:\wamp64\www\News\Application\Home\Controller\CommonController.class.php 第 23 行.
NOTIC: [2048] Declaration of Common\Model\NewsModel::find() should be compatible with Think\Model::find($options = Array) E:\wamp64\www\News\Application\Common\Model\NewsModel.class.php 第 7 行.
SQL: SHOW COLUMNS FROM `cms_news` [ RunTime:0.0000s ]
SQL: SELECT * FROM `cms_news` WHERE ( status=1 ) ORDER BY count desc, news_id desc LIMIT 20   [ RunTime:0.0010s ]
NOTIC: [2048] Declaration of Common\Model\PositionContentModel::delete() should be compatible with Think\Model::delete($options = Array) E:\wamp64\www\News\Application\Common\Model\PositionContentModel.class.php 第 143 行.
SQL: SHOW COLUMNS FROM `cms_position_content` [ RunTime:0.0000s ]
SQL: SELECT * FROM `cms_position_content` WHERE ( position_id=5 ) ORDER BY listorder desc LIMIT 2   [ RunTime:0.0000s ]
NOTIC: [2048] Declaration of Common\Model\MenuModel::find() should be compatible with Think\Model::find($options = Array) E:\wamp64\www\News\Application\Common\Model\MenuModel.class.php 第 123 行.
SQL: SHOW COLUMNS FROM `cms_menu` [ RunTime:0.0010s ]
SQL: SELECT * FROM `cms_menu` WHERE ( menu_id=13 ) LIMIT 1   [ RunTime:0.0000s ]
NOTIC: [8] Undefined index: p E:\wamp64\www\News\Application\Home\Controller\CatController.class.php 第 24 行.
NOTIC: [8] Undefined index: pageSize E:\wamp64\www\News\Application\Home\Controller\CatController.class.php 第 25 行.
SQL: SELECT * FROM `cms_news` WHERE `catid` = 13 ORDER BY news_id desc LIMIT 0,2   [ RunTime:0.0000s ]
SQL: SELECT COUNT(*) AS tp_count FROM `cms_news` WHERE `catid` = 13 LIMIT 1   [ RunTime:0.0000s ]
INFO: [ view_parse ] --START--
INFO: [ template_filter ] --START--
INFO: Run Behavior\ContentReplaceBehavior [ RunTime:0.000000s ]
INFO: [ template_filter ] --END-- [ RunTime:0.000000s ]
NOTIC: [2048] Declaration of Common\Model\BasicModel::save() should be compatible with Think\Model::save($data = '', $options = Array) E:\wamp64\www\News\Application\Common\Model\BasicModel.class.php 第 32 行.
NOTIC: [2048] Declaration of Common\Model\BasicModel::select() should be compatible with Think\Model::select($options = Array) E:\wamp64\www\News\Application\Common\Model\BasicModel.class.php 第 32 行.
SQL: SELECT * FROM `cms_menu` WHERE ( type=0 ) ORDER BY menu_id asc  [ RunTime:0.0010s ]
NOTIC: [2] date() expects parameter 2 to be long, string given E:\wamp64\www\News\Application\Runtime\Cache\Home\14fcc139096cfd1d2075eb8db7e60b1e.php 第 45 行.
INFO: Run Behavior\ParseTemplateBehavior [ RunTime:0.014001s ]
INFO: [ view_parse ] --END-- [ RunTime:0.014001s ]
INFO: [ view_filter ] --START--
INFO: Run Behavior\WriteHtmlCacheBehavior [ RunTime:0.000000s ]
INFO: [ view_filter ] --END-- [ RunTime:0.000000s ]
INFO: [ app_end ] --START--
INFO: Run Behavior\ShowPageTraceBehavior [ RunTime:0.000000s ]
INFO: [ app_end ] --END-- [ RunTime:0.000000s ]

[ 2016-08-08T15:21:58+08:00 ] ::1 /News/index.php?m=Home&c=Index&a=index
INFO: [ app_init ] --START--
INFO: Run Behavior\BuildLiteBehavior [ RunTime:0.000000s ]
INFO: [ app_init ] --END-- [ RunTime:0.000000s ]
INFO: [ app_begin ] --START--
INFO: Run Behavior\ReadHtmlCacheBehavior [ RunTime:0.001000s ]
INFO: [ app_begin ] --END-- [ RunTime:0.001000s ]
NOTIC: [2048] Declaration of Home\Controller\CommonController::error() should be compatible with Think\Controller::error($message = '', $jumpUrl = '', $ajax = false) E:\wamp64\www\News\Application\Home\Controller\CommonController.class.php 第 23 行.
NOTIC: [2048] Declaration of Common\Model\PositionContentModel::delete() should be compatible with Think\Model::delete($options = Array) E:\wamp64\www\News\Application\Common\Model\PositionContentModel.class.php 第 7 行.
SQL: SHOW COLUMNS FROM `cms_position_content` [ RunTime:0.0010s ]
SQL: SELECT * FROM `cms_position_content` WHERE ( position_id=1 ) ORDER BY listorder desc LIMIT 1   [ RunTime:0.0010s ]
SQL: SELECT * FROM `cms_position_content` WHERE ( position_id=3 ) ORDER BY listorder desc LIMIT 3   [ RunTime:0.0000s ]
NOTIC: [2048] Declaration of Common\Model\NewsModel::find() should be compatible with Think\Model::find($options = Array) E:\wamp64\www\News\Application\Common\Model\NewsModel.class.php 第 177 行.
SQL: SHOW COLUMNS FROM `cms_news` [ RunTime:0.0060s ]
SQL: SELECT * FROM `cms_news` WHERE ( status=1 ) ORDER BY count desc, news_id desc LIMIT 30   [ RunTime:0.0000s ]
SQL: SELECT * FROM `cms_position_content` WHERE ( position_id=5 ) ORDER BY listorder desc LIMIT 2   [ RunTime:0.0060s ]
INFO: [ view_parse ] --START--
INFO: [ template_filter ] --START--
INFO: Run Behavior\ContentReplaceBehavior [ RunTime:0.001000s ]
INFO: [ template_filter ] --END-- [ RunTime:0.001000s ]
NOTIC: [2048] Declaration of Common\Model\BasicModel::save() should be compatible with Think\Model::save($data = '', $options = Array) E:\wamp64\www\News\Application\Common\Model\BasicModel.class.php 第 32 行.
NOTIC: [2048] Declaration of Common\Model\BasicModel::select() should be compatible with Think\Model::select($options = Array) E:\wamp64\www\News\Application\Common\Model\BasicModel.class.php 第 32 行.
NOTIC: [2048] Declaration of Common\Model\MenuModel::find() should be compatible with Think\Model::find($options = Array) E:\wamp64\www\News\Application\Common\Model\MenuModel.class.php 第 123 行.
SQL: SHOW COLUMNS FROM `cms_menu` [ RunTime:0.0010s ]
SQL: SELECT * FROM `cms_menu` WHERE ( type=0 ) ORDER BY menu_id asc  [ RunTime:0.0000s ]
INFO: Run Behavior\ParseTemplateBehavior [ RunTime:0.017001s ]
INFO: [ view_parse ] --END-- [ RunTime:0.017001s ]
INFO: [ view_filter ] --START--
INFO: Run Behavior\WriteHtmlCacheBehavior [ RunTime:0.000000s ]
INFO: [ view_filter ] --END-- [ RunTime:0.000000s ]
INFO: [ app_end ] --START--
INFO: Run Behavior\ShowPageTraceBehavior [ RunTime:0.001000s ]
INFO: [ app_end ] --END-- [ RunTime:0.001000s ]

[ 2016-08-08T15:21:58+08:00 ] ::1 /News/index.php?c=Index&a=getCount
INFO: [ app_init ] --START--
INFO: Run Behavior\BuildLiteBehavior [ RunTime:0.000000s ]
INFO: [ app_init ] --END-- [ RunTime:0.001000s ]
INFO: [ app_begin ] --START--
INFO: Run Behavior\ReadHtmlCacheBehavior [ RunTime:0.001000s ]
INFO: [ app_begin ] --END-- [ RunTime:0.001000s ]
NOTIC: [2048] Declaration of Home\Controller\CommonController::error() should be compatible with Think\Controller::error($message = '', $jumpUrl = '', $ajax = false) E:\wamp64\www\News\Application\Home\Controller\CommonController.class.php 第 23 行.
NOTIC: [2048] Declaration of Common\Model\NewsModel::find() should be compatible with Think\Model::find($options = Array) E:\wamp64\www\News\Application\Common\Model\NewsModel.class.php 第 7 行.
SQL: SHOW COLUMNS FROM `cms_news` [ RunTime:0.0010s ]
SQL: SELECT * FROM `cms_news` WHERE `news_id` IN ('23','27','29','26','25','22','24')  [ RunTime:0.0010s ]

[ 2016-08-08T15:22:00+08:00 ] ::1 /News/index.php?c=Detail&id=23
INFO: [ app_init ] --START--
INFO: Run Behavior\BuildLiteBehavior [ RunTime:0.000000s ]
INFO: [ app_init ] --END-- [ RunTime:0.000000s ]
INFO: [ app_begin ] --START--
INFO: Run Behavior\ReadHtmlCacheBehavior [ RunTime:0.001000s ]
INFO: [ app_begin ] --END-- [ RunTime:0.001000s ]
NOTIC: [2048] Declaration of Home\Controller\CommonController::error() should be compatible with Think\Controller::error($message = '', $jumpUrl = '', $ajax = false) E:\wamp64\www\News\Application\Home\Controller\CommonController.class.php 第 23 行.
NOTIC: [2048] Declaration of Common\Model\NewsModel::find() should be compatible with Think\Model::find($options = Array) E:\wamp64\www\News\Application\Common\Model\NewsModel.class.php 第 7 行.
SQL: SHOW COLUMNS FROM `cms_news` [ RunTime:0.0220s ]
SQL: SELECT * FROM `cms_news` WHERE ( status=1 ) ORDER BY count desc, news_id desc LIMIT 10   [ RunTime:0.0010s ]
NOTIC: [2048] Declaration of Common\Model\PositionContentModel::delete() should be compatible with Think\Model::delete($options = Array) E:\wamp64\www\News\Application\Common\Model\PositionContentModel.class.php 第 143 行.
SQL: SHOW COLUMNS FROM `cms_position_content` [ RunTime:0.0000s ]
SQL: SELECT * FROM `cms_position_content` WHERE ( position_id=5 ) ORDER BY listorder desc LIMIT 2   [ RunTime:0.0010s ]
SQL: SELECT * FROM `cms_news` WHERE ( news_id=23 ) LIMIT 1   [ RunTime:0.0000s ]
NOTIC: [2048] Declaration of Common\Model\NewsContentModel::find() should be compatible with Think\Model::find($options = Array) E:\wamp64\www\News\Application\Common\Model\NewsContentModel.class.php 第 74 行.
SQL: SHOW COLUMNS FROM `cms_news_content` [ RunTime:0.0010s ]
SQL: SELECT * FROM `cms_news_content` WHERE ( news_id=23 ) LIMIT 1   [ RunTime:0.0000s ]
SQL: UPDATE `cms_news` SET `count`='13' WHERE ( news_id=23 ) [ RunTime:0.0000s ]
INFO: [ view_parse ] --START--
INFO: [ template_filter ] --START--
INFO: Run Behavior\ContentReplaceBehavior [ RunTime:0.000000s ]
INFO: [ template_filter ] --END-- [ RunTime:0.000000s ]
NOTIC: [2048] Declaration of Common\Model\BasicModel::save() should be compatible with Think\Model::save($data = '', $options = Array) E:\wamp64\www\News\Application\Common\Model\BasicModel.class.php 第 32 行.
NOTIC: [2048] Declaration of Common\Model\BasicModel::select() should be compatible with Think\Model::select($options = Array) E:\wamp64\www\News\Application\Common\Model\BasicModel.class.php 第 32 行.
NOTIC: [2048] Declaration of Common\Model\MenuModel::find() should be compatible with Think\Model::find($options = Array) E:\wamp64\www\News\Application\Common\Model\MenuModel.class.php 第 123 行.
SQL: SHOW COLUMNS FROM `cms_menu` [ RunTime:0.0010s ]
SQL: SELECT * FROM `cms_menu` WHERE ( type=0 ) ORDER BY menu_id asc  [ RunTime:0.0010s ]
NOTIC: [8] Undefined index: catId E:\wamp64\www\News\Application\Runtime\Cache\Home\0d75cb75cd30b13fdd4834afd69acb19.php 第 24 行.
NOTIC: [8] Undefined index: catId E:\wamp64\www\News\Application\Runtime\Cache\Home\0d75cb75cd30b13fdd4834afd69acb19.php 第 25 行.
NOTIC: [8] Undefined index: catId E:\wamp64\www\News\Application\Runtime\Cache\Home\0d75cb75cd30b13fdd4834afd69acb19.php 第 25 行.
NOTIC: [8] Undefined index: catId E:\wamp64\www\News\Application\Runtime\Cache\Home\0d75cb75cd30b13fdd4834afd69acb19.php 第 25 行.
NOTIC: [8] Undefined index: catId E:\wamp64\www\News\Application\Runtime\Cache\Home\0d75cb75cd30b13fdd4834afd69acb19.php 第 25 行.
NOTIC: [8] Undefined index: catId E:\wamp64\www\News\Application\Runtime\Cache\Home\0d75cb75cd30b13fdd4834afd69acb19.php 第 25 行.
INFO: Run Behavior\ParseTemplateBehavior [ RunTime:0.035002s ]
INFO: [ view_parse ] --END-- [ RunTime:0.035002s ]
INFO: [ view_filter ] --START--
INFO: Run Behavior\WriteHtmlCacheBehavior [ RunTime:0.001000s ]
INFO: [ view_filter ] --END-- [ RunTime:0.001000s ]
INFO: [ app_end ] --START--
INFO: Run Behavior\ShowPageTraceBehavior [ RunTime:0.000000s ]
INFO: [ app_end ] --END-- [ RunTime:0.000000s ]

[ 2016-08-08T15:22:04+08:00 ] ::1 /News/index.php?m=Home&c=Index&a=index
INFO: [ app_init ] --START--
INFO: Run Behavior\BuildLiteBehavior [ RunTime:0.000000s ]
INFO: [ app_init ] --END-- [ RunTime:0.000000s ]
INFO: [ app_begin ] --START--
INFO: Run Behavior\ReadHtmlCacheBehavior [ RunTime:0.000000s ]
INFO: [ app_begin ] --END-- [ RunTime:0.001000s ]
NOTIC: [2048] Declaration of Home\Controller\CommonController::error() should be compatible with Think\Controller::error($message = '', $jumpUrl = '', $ajax = false) E:\wamp64\www\News\Application\Home\Controller\CommonController.class.php 第 23 行.
NOTIC: [2048] Declaration of Common\Model\PositionContentModel::delete() should be compatible with Think\Model::delete($options = Array) E:\wamp64\www\News\Application\Common\Model\PositionContentModel.class.php 第 7 行.
SQL: SHOW COLUMNS FROM `cms_position_content` [ RunTime:0.0010s ]
SQL: SELECT * FROM `cms_position_content` WHERE ( position_id=1 ) ORDER BY listorder desc LIMIT 1   [ RunTime:0.0010s ]
SQL: SELECT * FROM `cms_position_content` WHERE ( position_id=3 ) ORDER BY listorder desc LIMIT 3   [ RunTime:0.0000s ]
NOTIC: [2048] Declaration of Common\Model\NewsModel::find() should be compatible with Think\Model::find($options = Array) E:\wamp64\www\News\Application\Common\Model\NewsModel.class.php 第 177 行.
SQL: SHOW COLUMNS FROM `cms_news` [ RunTime:0.0010s ]
SQL: SELECT * FROM `cms_news` WHERE ( status=1 ) ORDER BY count desc, news_id desc LIMIT 30   [ RunTime:0.0010s ]
SQL: SELECT * FROM `cms_position_content` WHERE ( position_id=5 ) ORDER BY listorder desc LIMIT 2   [ RunTime:0.0000s ]
INFO: [ view_parse ] --START--
INFO: [ template_filter ] --START--
INFO: Run Behavior\ContentReplaceBehavior [ RunTime:0.000000s ]
INFO: [ template_filter ] --END-- [ RunTime:0.000000s ]
NOTIC: [2048] Declaration of Common\Model\BasicModel::save() should be compatible with Think\Model::save($data = '', $options = Array) E:\wamp64\www\News\Application\Common\Model\BasicModel.class.php 第 32 行.
NOTIC: [2048] Declaration of Common\Model\BasicModel::select() should be compatible with Think\Model::select($options = Array) E:\wamp64\www\News\Application\Common\Model\BasicModel.class.php 第 32 行.
NOTIC: [2048] Declaration of Common\Model\MenuModel::find() should be compatible with Think\Model::find($options = Array) E:\wamp64\www\News\Application\Common\Model\MenuModel.class.php 第 123 行.
SQL: SHOW COLUMNS FROM `cms_menu` [ RunTime:0.0010s ]
SQL: SELECT * FROM `cms_menu` WHERE ( type=0 ) ORDER BY menu_id asc  [ RunTime:0.0000s ]
INFO: Run Behavior\ParseTemplateBehavior [ RunTime:0.018001s ]
INFO: [ view_parse ] --END-- [ RunTime:0.018001s ]
INFO: [ view_filter ] --START--
INFO: Run Behavior\WriteHtmlCacheBehavior [ RunTime:0.000000s ]
INFO: [ view_filter ] --END-- [ RunTime:0.000000s ]
INFO: [ app_end ] --START--
INFO: Run Behavior\ShowPageTraceBehavior [ RunTime:0.001000s ]
INFO: [ app_end ] --END-- [ RunTime:0.001000s ]

[ 2016-08-08T15:22:04+08:00 ] ::1 /News/index.php?c=Index&a=getCount
INFO: [ app_init ] --START--
INFO: Run Behavior\BuildLiteBehavior [ RunTime:0.000000s ]
INFO: [ app_init ] --END-- [ RunTime:0.000000s ]
INFO: [ app_begin ] --START--
INFO: Run Behavior\ReadHtmlCacheBehavior [ RunTime:0.001000s ]
INFO: [ app_begin ] --END-- [ RunTime:0.001000s ]
NOTIC: [2048] Declaration of Home\Controller\CommonController::error() should be compatible with Think\Controller::error($message = '', $jumpUrl = '', $ajax = false) E:\wamp64\www\News\Application\Home\Controller\CommonController.class.php 第 23 行.
NOTIC: [2048] Declaration of Common\Model\NewsModel::find() should be compatible with Think\Model::find($options = Array) E:\wamp64\www\News\Application\Common\Model\NewsModel.class.php 第 7 行.
SQL: SHOW COLUMNS FROM `cms_news` [ RunTime:0.0130s ]
SQL: SELECT * FROM `cms_news` WHERE `news_id` IN ('23','27','29','26','25','22','24')  [ RunTime:0.0060s ]

