[ 2016-08-04T00:19:58+08:00 ] ::1 /News/admin.php?c=PositionContent
INFO: [ app_init ] --START--
INFO: Run Behavior\BuildLiteBehavior [ RunTime:0.000448s ]
INFO: [ app_init ] --END-- [ RunTime:0.001892s ]
INFO: [ app_begin ] --START--
INFO: Run Behavior\ReadHtmlCacheBehavior [ RunTime:0.001194s ]
INFO: [ app_begin ] --END-- [ RunTime:0.002141s ]
NOTIC: [2048] Declaration of Admin\Controller\PositionContentController::setStatus() should be compatible with Admin\Controller\CommonController::setStatus($data, $model) D:\Study\PHP\Demo\News\Application\Admin\Controller\PositionContentController.class.php 第 8 行.
NOTIC: [8] Undefined index: position_id D:\Study\PHP\Demo\News\Application\Admin\Controller\PositionContentController.class.php 第 12 行.
NOTIC: [8] Undefined index: title D:\Study\PHP\Demo\News\Application\Admin\Controller\PositionContentController.class.php 第 16 行.
SQL: SHOW COLUMNS FROM `cms_position` [ RunTime:0.0009s ]
SQL: SELECT * FROM `cms_position` WHERE `status` = 1 ORDER BY id  [ RunTime:0.0006s ]
NOTIC: [8] Undefined index: p D:\Study\PHP\Demo\News\Application\Admin\Controller\PositionContentController.class.php 第 25 行.
NOTIC: [8] Undefined index: pageSize D:\Study\PHP\Demo\News\Application\Admin\Controller\PositionContentController.class.php 第 26 行.
NOTIC: [2048] Declaration of Common\Model\PositionContentModel::delete() should be compatible with Think\Model::delete($options = Array) D:\Study\PHP\Demo\News\Application\Common\Model\PositionContentModel.class.php 第 92 行.
SQL: SHOW COLUMNS FROM `cms_position_content` [ RunTime:0.0008s ]
SQL: SELECT * FROM `cms_position_content` ORDER BY listorder desc, id desc LIMIT 0,2   [ RunTime:0.0005s ]
SQL: SELECT COUNT(*) AS tp_count FROM `cms_position_content` LIMIT 1   [ RunTime:0.0004s ]
INFO: [ view_parse ] --START--
INFO: [ template_filter ] --START--
INFO: Run Behavior\ContentReplaceBehavior [ RunTime:0.000398s ]
INFO: [ template_filter ] --END-- [ RunTime:0.001149s ]
NOTIC: [2048] Declaration of Common\Model\MenuModel::find() should be compatible with Think\Model::find($options = Array) D:\Study\PHP\Demo\News\Application\Common\Model\MenuModel.class.php 第 123 行.
SQL: SHOW COLUMNS FROM `cms_menu` [ RunTime:0.0008s ]
SQL: SELECT * FROM `cms_menu` WHERE ( type=1 ) ORDER BY menu_id asc  [ RunTime:0.0005s ]
NOTIC: [8] Undefined variable: positionId D:\Study\PHP\Demo\News\Application\Runtime\Cache\Admin\b3c2094605e2b67e8edd0c0d4b77ce4a.php 第 116 行.
NOTIC: [8] Undefined variable: positionId D:\Study\PHP\Demo\News\Application\Runtime\Cache\Admin\b3c2094605e2b67e8edd0c0d4b77ce4a.php 第 116 行.
NOTIC: [8] Undefined variable: positionId D:\Study\PHP\Demo\News\Application\Runtime\Cache\Admin\b3c2094605e2b67e8edd0c0d4b77ce4a.php 第 116 行.
NOTIC: [8] Undefined variable: positionId D:\Study\PHP\Demo\News\Application\Runtime\Cache\Admin\b3c2094605e2b67e8edd0c0d4b77ce4a.php 第 116 行.
NOTIC: [8] Undefined variable: title D:\Study\PHP\Demo\News\Application\Runtime\Cache\Admin\b3c2094605e2b67e8edd0c0d4b77ce4a.php 第 124 行.
INFO: Run Behavior\ParseTemplateBehavior [ RunTime:0.117870s ]
INFO: [ view_parse ] --END-- [ RunTime:0.118679s ]
INFO: [ view_filter ] --START--
INFO: Run Behavior\WriteHtmlCacheBehavior [ RunTime:0.000917s ]
INFO: [ view_filter ] --END-- [ RunTime:0.001738s ]
INFO: [ app_end ] --START--
INFO: Run Behavior\ShowPageTraceBehavior [ RunTime:0.001527s ]
INFO: [ app_end ] --END-- [ RunTime:0.002876s ]

[ 2016-08-04T00:20:00+08:00 ] ::1 /News/admin.php?c=Position
INFO: [ app_init ] --START--
INFO: Run Behavior\BuildLiteBehavior [ RunTime:0.000137s ]
INFO: [ app_init ] --END-- [ RunTime:0.001218s ]
INFO: [ app_begin ] --START--
INFO: Run Behavior\ReadHtmlCacheBehavior [ RunTime:0.001138s ]
INFO: [ app_begin ] --END-- [ RunTime:0.002006s ]
NOTIC: [2048] Declaration of Admin\Controller\PositionController::setStatus() should be compatible with Admin\Controller\CommonController::setStatus($data, $model) D:\Study\PHP\Demo\News\Application\Admin\Controller\PositionController.class.php 第 9 行.
NOTIC: [8] Undefined index: name D:\Study\PHP\Demo\News\Application\Admin\Controller\PositionController.class.php 第 13 行.
NOTIC: [8] Undefined index: p D:\Study\PHP\Demo\News\Application\Admin\Controller\PositionController.class.php 第 17 行.
NOTIC: [8] Undefined index: pageSize D:\Study\PHP\Demo\News\Application\Admin\Controller\PositionController.class.php 第 18 行.
SQL: SHOW COLUMNS FROM `cms_position` [ RunTime:0.0008s ]
SQL: SELECT * FROM `cms_position` ORDER BY id desc LIMIT 0,2   [ RunTime:0.0005s ]
SQL: SELECT COUNT(*) AS tp_count FROM `cms_position` LIMIT 1   [ RunTime:0.0003s ]
INFO: [ view_parse ] --START--
INFO: [ template_filter ] --START--
INFO: Run Behavior\ContentReplaceBehavior [ RunTime:0.000382s ]
INFO: [ template_filter ] --END-- [ RunTime:0.001110s ]
NOTIC: [2048] Declaration of Common\Model\MenuModel::find() should be compatible with Think\Model::find($options = Array) D:\Study\PHP\Demo\News\Application\Common\Model\MenuModel.class.php 第 123 行.
SQL: SHOW COLUMNS FROM `cms_menu` [ RunTime:0.0008s ]
SQL: SELECT * FROM `cms_menu` WHERE ( type=1 ) ORDER BY menu_id asc  [ RunTime:0.0005s ]
NOTIC: [8] Undefined variable: name D:\Study\PHP\Demo\News\Application\Runtime\Cache\Admin\3a437f75b5b60a521a3ad0fc93a5ab5f.php 第 113 行.
INFO: Run Behavior\ParseTemplateBehavior [ RunTime:0.092009s ]
INFO: [ view_parse ] --END-- [ RunTime:0.092872s ]
INFO: [ view_filter ] --START--
INFO: Run Behavior\WriteHtmlCacheBehavior [ RunTime:0.000881s ]
INFO: [ view_filter ] --END-- [ RunTime:0.001644s ]
INFO: [ app_end ] --START--
INFO: Run Behavior\ShowPageTraceBehavior [ RunTime:0.001738s ]
INFO: [ app_end ] --END-- [ RunTime:0.003119s ]

[ 2016-08-04T00:20:01+08:00 ] ::1 /News/admin.php?c=PositionContent
INFO: [ app_init ] --START--
INFO: Run Behavior\BuildLiteBehavior [ RunTime:0.000155s ]
INFO: [ app_init ] --END-- [ RunTime:0.001581s ]
INFO: [ app_begin ] --START--
INFO: Run Behavior\ReadHtmlCacheBehavior [ RunTime:0.001105s ]
INFO: [ app_begin ] --END-- [ RunTime:0.001968s ]
NOTIC: [2048] Declaration of Admin\Controller\PositionContentController::setStatus() should be compatible with Admin\Controller\CommonController::setStatus($data, $model) D:\Study\PHP\Demo\News\Application\Admin\Controller\PositionContentController.class.php 第 8 行.
NOTIC: [8] Undefined index: position_id D:\Study\PHP\Demo\News\Application\Admin\Controller\PositionContentController.class.php 第 12 行.
NOTIC: [8] Undefined index: title D:\Study\PHP\Demo\News\Application\Admin\Controller\PositionContentController.class.php 第 16 行.
SQL: SHOW COLUMNS FROM `cms_position` [ RunTime:0.0007s ]
SQL: SELECT * FROM `cms_position` WHERE `status` = 1 ORDER BY id  [ RunTime:0.0005s ]
NOTIC: [8] Undefined index: p D:\Study\PHP\Demo\News\Application\Admin\Controller\PositionContentController.class.php 第 25 行.
NOTIC: [8] Undefined index: pageSize D:\Study\PHP\Demo\News\Application\Admin\Controller\PositionContentController.class.php 第 26 行.
NOTIC: [2048] Declaration of Common\Model\PositionContentModel::delete() should be compatible with Think\Model::delete($options = Array) D:\Study\PHP\Demo\News\Application\Common\Model\PositionContentModel.class.php 第 92 行.
SQL: SHOW COLUMNS FROM `cms_position_content` [ RunTime:0.0008s ]
SQL: SELECT * FROM `cms_position_content` ORDER BY listorder desc, id desc LIMIT 0,2   [ RunTime:0.0005s ]
SQL: SELECT COUNT(*) AS tp_count FROM `cms_position_content` LIMIT 1   [ RunTime:0.0004s ]
INFO: [ view_parse ] --START--
INFO: [ template_filter ] --START--
INFO: Run Behavior\ContentReplaceBehavior [ RunTime:0.000404s ]
INFO: [ template_filter ] --END-- [ RunTime:0.001235s ]
NOTIC: [2048] Declaration of Common\Model\MenuModel::find() should be compatible with Think\Model::find($options = Array) D:\Study\PHP\Demo\News\Application\Common\Model\MenuModel.class.php 第 123 行.
SQL: SHOW COLUMNS FROM `cms_menu` [ RunTime:0.0009s ]
SQL: SELECT * FROM `cms_menu` WHERE ( type=1 ) ORDER BY menu_id asc  [ RunTime:0.0006s ]
NOTIC: [8] Undefined variable: positionId D:\Study\PHP\Demo\News\Application\Runtime\Cache\Admin\b3c2094605e2b67e8edd0c0d4b77ce4a.php 第 116 行.
NOTIC: [8] Undefined variable: positionId D:\Study\PHP\Demo\News\Application\Runtime\Cache\Admin\b3c2094605e2b67e8edd0c0d4b77ce4a.php 第 116 行.
NOTIC: [8] Undefined variable: positionId D:\Study\PHP\Demo\News\Application\Runtime\Cache\Admin\b3c2094605e2b67e8edd0c0d4b77ce4a.php 第 116 行.
NOTIC: [8] Undefined variable: positionId D:\Study\PHP\Demo\News\Application\Runtime\Cache\Admin\b3c2094605e2b67e8edd0c0d4b77ce4a.php 第 116 行.
NOTIC: [8] Undefined variable: title D:\Study\PHP\Demo\News\Application\Runtime\Cache\Admin\b3c2094605e2b67e8edd0c0d4b77ce4a.php 第 124 行.
INFO: Run Behavior\ParseTemplateBehavior [ RunTime:0.124533s ]
INFO: [ view_parse ] --END-- [ RunTime:0.125511s ]
INFO: [ view_filter ] --START--
INFO: Run Behavior\WriteHtmlCacheBehavior [ RunTime:0.001125s ]
INFO: [ view_filter ] --END-- [ RunTime:0.002033s ]
INFO: [ app_end ] --START--
INFO: Run Behavior\ShowPageTraceBehavior [ RunTime:0.001281s ]
INFO: [ app_end ] --END-- [ RunTime:0.002103s ]

[ 2016-08-04T00:20:04+08:00 ] ::1 /News/admin.php?position_id=1&c=PositionContent&a=index&title=
INFO: [ app_init ] --START--
INFO: Run Behavior\BuildLiteBehavior [ RunTime:0.000167s ]
INFO: [ app_init ] --END-- [ RunTime:0.001483s ]
INFO: [ app_begin ] --START--
INFO: Run Behavior\ReadHtmlCacheBehavior [ RunTime:0.001209s ]
INFO: [ app_begin ] --END-- [ RunTime:0.002356s ]
NOTIC: [2048] Declaration of Admin\Controller\PositionContentController::setStatus() should be compatible with Admin\Controller\CommonController::setStatus($data, $model) D:\Study\PHP\Demo\News\Application\Admin\Controller\PositionContentController.class.php 第 8 行.
SQL: SHOW COLUMNS FROM `cms_position` [ RunTime:0.0013s ]
SQL: SELECT * FROM `cms_position` WHERE `status` = 1 ORDER BY id  [ RunTime:0.0005s ]
NOTIC: [8] Undefined index: p D:\Study\PHP\Demo\News\Application\Admin\Controller\PositionContentController.class.php 第 25 行.
NOTIC: [8] Undefined index: pageSize D:\Study\PHP\Demo\News\Application\Admin\Controller\PositionContentController.class.php 第 26 行.
NOTIC: [2048] Declaration of Common\Model\PositionContentModel::delete() should be compatible with Think\Model::delete($options = Array) D:\Study\PHP\Demo\News\Application\Common\Model\PositionContentModel.class.php 第 92 行.
SQL: SHOW COLUMNS FROM `cms_position_content` [ RunTime:0.0009s ]
SQL: SELECT * FROM `cms_position_content` WHERE `position_id` = 1 ORDER BY listorder desc, id desc LIMIT 0,2   [ RunTime:0.0007s ]
SQL: SELECT COUNT(*) AS tp_count FROM `cms_position_content` WHERE `position_id` = 1 LIMIT 1   [ RunTime:0.0006s ]
INFO: [ view_parse ] --START--
INFO: [ template_filter ] --START--
INFO: Run Behavior\ContentReplaceBehavior [ RunTime:0.000479s ]
INFO: [ template_filter ] --END-- [ RunTime:0.001345s ]
NOTIC: [2048] Declaration of Common\Model\MenuModel::find() should be compatible with Think\Model::find($options = Array) D:\Study\PHP\Demo\News\Application\Common\Model\MenuModel.class.php 第 123 行.
SQL: SHOW COLUMNS FROM `cms_menu` [ RunTime:0.0009s ]
SQL: SELECT * FROM `cms_menu` WHERE ( type=1 ) ORDER BY menu_id asc  [ RunTime:0.0006s ]
NOTIC: [8] Undefined variable: title D:\Study\PHP\Demo\News\Application\Runtime\Cache\Admin\b3c2094605e2b67e8edd0c0d4b77ce4a.php 第 124 行.
INFO: Run Behavior\ParseTemplateBehavior [ RunTime:0.117471s ]
INFO: [ view_parse ] --END-- [ RunTime:0.118221s ]
INFO: [ view_filter ] --START--
INFO: Run Behavior\WriteHtmlCacheBehavior [ RunTime:0.000936s ]
INFO: [ view_filter ] --END-- [ RunTime:0.001675s ]
INFO: [ app_end ] --START--
INFO: Run Behavior\ShowPageTraceBehavior [ RunTime:0.001695s ]
INFO: [ app_end ] --END-- [ RunTime:0.002738s ]

[ 2016-08-04T00:20:08+08:00 ] ::1 /News/admin.php?m=Admin&c=PositionContent&a=index&position_id=1&title=&p=2
INFO: [ app_init ] --START--
INFO: Run Behavior\BuildLiteBehavior [ RunTime:0.000137s ]
INFO: [ app_init ] --END-- [ RunTime:0.001224s ]
INFO: [ app_begin ] --START--
INFO: Run Behavior\ReadHtmlCacheBehavior [ RunTime:0.000978s ]
INFO: [ app_begin ] --END-- [ RunTime:0.001768s ]
NOTIC: [2048] Declaration of Admin\Controller\PositionContentController::setStatus() should be compatible with Admin\Controller\CommonController::setStatus($data, $model) D:\Study\PHP\Demo\News\Application\Admin\Controller\PositionContentController.class.php 第 8 行.
SQL: SHOW COLUMNS FROM `cms_position` [ RunTime:0.0008s ]
SQL: SELECT * FROM `cms_position` WHERE `status` = 1 ORDER BY id  [ RunTime:0.0005s ]
NOTIC: [8] Undefined index: pageSize D:\Study\PHP\Demo\News\Application\Admin\Controller\PositionContentController.class.php 第 26 行.
NOTIC: [2048] Declaration of Common\Model\PositionContentModel::delete() should be compatible with Think\Model::delete($options = Array) D:\Study\PHP\Demo\News\Application\Common\Model\PositionContentModel.class.php 第 92 行.
SQL: SHOW COLUMNS FROM `cms_position_content` [ RunTime:0.0007s ]
SQL: SELECT * FROM `cms_position_content` WHERE `position_id` = 1 ORDER BY listorder desc, id desc LIMIT 2,2   [ RunTime:0.0004s ]
SQL: SELECT COUNT(*) AS tp_count FROM `cms_position_content` WHERE `position_id` = 1 LIMIT 1   [ RunTime:0.0004s ]
INFO: [ view_parse ] --START--
INFO: [ template_filter ] --START--
INFO: Run Behavior\ContentReplaceBehavior [ RunTime:0.000698s ]
INFO: [ template_filter ] --END-- [ RunTime:0.002119s ]
NOTIC: [2048] Declaration of Common\Model\MenuModel::find() should be compatible with Think\Model::find($options = Array) D:\Study\PHP\Demo\News\Application\Common\Model\MenuModel.class.php 第 123 行.
SQL: SHOW COLUMNS FROM `cms_menu` [ RunTime:0.0009s ]
SQL: SELECT * FROM `cms_menu` WHERE ( type=1 ) ORDER BY menu_id asc  [ RunTime:0.0005s ]
NOTIC: [8] Undefined variable: title D:\Study\PHP\Demo\News\Application\Runtime\Cache\Admin\b3c2094605e2b67e8edd0c0d4b77ce4a.php 第 124 行.
INFO: Run Behavior\ParseTemplateBehavior [ RunTime:0.132500s ]
INFO: [ view_parse ] --END-- [ RunTime:0.133271s ]
INFO: [ view_filter ] --START--
INFO: Run Behavior\WriteHtmlCacheBehavior [ RunTime:0.001318s ]
INFO: [ view_filter ] --END-- [ RunTime:0.002300s ]
INFO: [ app_end ] --START--
INFO: Run Behavior\ShowPageTraceBehavior [ RunTime:0.001248s ]
INFO: [ app_end ] --END-- [ RunTime:0.002063s ]

[ 2016-08-04T00:21:47+08:00 ] ::1 /News/admin.php?c=Position
INFO: [ app_init ] --START--
INFO: Run Behavior\BuildLiteBehavior [ RunTime:0.000160s ]
INFO: [ app_init ] --END-- [ RunTime:0.001993s ]
INFO: [ app_begin ] --START--
INFO: Run Behavior\ReadHtmlCacheBehavior [ RunTime:0.000990s ]
INFO: [ app_begin ] --END-- [ RunTime:0.001761s ]
NOTIC: [2048] Declaration of Admin\Controller\PositionController::setStatus() should be compatible with Admin\Controller\CommonController::setStatus($data, $model) D:\Study\PHP\Demo\News\Application\Admin\Controller\PositionController.class.php 第 9 行.
NOTIC: [8] Undefined index: name D:\Study\PHP\Demo\News\Application\Admin\Controller\PositionController.class.php 第 13 行.
NOTIC: [8] Undefined index: p D:\Study\PHP\Demo\News\Application\Admin\Controller\PositionController.class.php 第 17 行.
NOTIC: [8] Undefined index: pageSize D:\Study\PHP\Demo\News\Application\Admin\Controller\PositionController.class.php 第 18 行.
SQL: SHOW COLUMNS FROM `cms_position` [ RunTime:0.0008s ]
SQL: SELECT * FROM `cms_position` ORDER BY id desc LIMIT 0,2   [ RunTime:0.0005s ]
SQL: SELECT COUNT(*) AS tp_count FROM `cms_position` LIMIT 1   [ RunTime:0.0004s ]
INFO: [ view_parse ] --START--
INFO: [ template_filter ] --START--
INFO: Run Behavior\ContentReplaceBehavior [ RunTime:0.000446s ]
INFO: [ template_filter ] --END-- [ RunTime:0.001309s ]
NOTIC: [2048] Declaration of Common\Model\MenuModel::find() should be compatible with Think\Model::find($options = Array) D:\Study\PHP\Demo\News\Application\Common\Model\MenuModel.class.php 第 123 行.
SQL: SHOW COLUMNS FROM `cms_menu` [ RunTime:0.0008s ]
SQL: SELECT * FROM `cms_menu` WHERE ( type=1 ) ORDER BY menu_id asc  [ RunTime:0.0006s ]
NOTIC: [8] Undefined variable: name D:\Study\PHP\Demo\News\Application\Runtime\Cache\Admin\3a437f75b5b60a521a3ad0fc93a5ab5f.php 第 113 行.
INFO: Run Behavior\ParseTemplateBehavior [ RunTime:0.048948s ]
INFO: [ view_parse ] --END-- [ RunTime:0.049730s ]
INFO: [ view_filter ] --START--
INFO: Run Behavior\WriteHtmlCacheBehavior [ RunTime:0.000914s ]
INFO: [ view_filter ] --END-- [ RunTime:0.001653s ]
INFO: [ app_end ] --START--
INFO: Run Behavior\ShowPageTraceBehavior [ RunTime:0.001883s ]
INFO: [ app_end ] --END-- [ RunTime:0.003237s ]

[ 2016-08-04T00:21:50+08:00 ] ::1 /News/admin.php?c=PositionContent
INFO: [ app_init ] --START--
INFO: Run Behavior\BuildLiteBehavior [ RunTime:0.000138s ]
INFO: [ app_init ] --END-- [ RunTime:0.001274s ]
INFO: [ app_begin ] --START--
INFO: Run Behavior\ReadHtmlCacheBehavior [ RunTime:0.001168s ]
INFO: [ app_begin ] --END-- [ RunTime:0.002140s ]
NOTIC: [2048] Declaration of Admin\Controller\PositionContentController::setStatus() should be compatible with Admin\Controller\CommonController::setStatus($data, $model) D:\Study\PHP\Demo\News\Application\Admin\Controller\PositionContentController.class.php 第 8 行.
NOTIC: [8] Undefined index: position_id D:\Study\PHP\Demo\News\Application\Admin\Controller\PositionContentController.class.php 第 12 行.
NOTIC: [8] Undefined index: title D:\Study\PHP\Demo\News\Application\Admin\Controller\PositionContentController.class.php 第 16 行.
SQL: SHOW COLUMNS FROM `cms_position` [ RunTime:0.0012s ]
SQL: SELECT * FROM `cms_position` WHERE `status` = 1 ORDER BY id  [ RunTime:0.0005s ]
NOTIC: [8] Undefined index: p D:\Study\PHP\Demo\News\Application\Admin\Controller\PositionContentController.class.php 第 25 行.
NOTIC: [8] Undefined index: pageSize D:\Study\PHP\Demo\News\Application\Admin\Controller\PositionContentController.class.php 第 26 行.
NOTIC: [2048] Declaration of Common\Model\PositionContentModel::delete() should be compatible with Think\Model::delete($options = Array) D:\Study\PHP\Demo\News\Application\Common\Model\PositionContentModel.class.php 第 92 行.
SQL: SHOW COLUMNS FROM `cms_position_content` [ RunTime:0.0008s ]
SQL: SELECT * FROM `cms_position_content` ORDER BY listorder desc, id desc LIMIT 0,2   [ RunTime:0.0005s ]
SQL: SELECT COUNT(*) AS tp_count FROM `cms_position_content` LIMIT 1   [ RunTime:0.0004s ]
INFO: [ view_parse ] --START--
INFO: [ template_filter ] --START--
INFO: Run Behavior\ContentReplaceBehavior [ RunTime:0.000419s ]
INFO: [ template_filter ] --END-- [ RunTime:0.001184s ]
NOTIC: [2048] Declaration of Common\Model\MenuModel::find() should be compatible with Think\Model::find($options = Array) D:\Study\PHP\Demo\News\Application\Common\Model\MenuModel.class.php 第 123 行.
SQL: SHOW COLUMNS FROM `cms_menu` [ RunTime:0.0008s ]
SQL: SELECT * FROM `cms_menu` WHERE ( type=1 ) ORDER BY menu_id asc  [ RunTime:0.0005s ]
NOTIC: [8] Undefined variable: positionId D:\Study\PHP\Demo\News\Application\Runtime\Cache\Admin\b3c2094605e2b67e8edd0c0d4b77ce4a.php 第 116 行.
NOTIC: [8] Undefined variable: positionId D:\Study\PHP\Demo\News\Application\Runtime\Cache\Admin\b3c2094605e2b67e8edd0c0d4b77ce4a.php 第 116 行.
NOTIC: [8] Undefined variable: positionId D:\Study\PHP\Demo\News\Application\Runtime\Cache\Admin\b3c2094605e2b67e8edd0c0d4b77ce4a.php 第 116 行.
NOTIC: [8] Undefined variable: positionId D:\Study\PHP\Demo\News\Application\Runtime\Cache\Admin\b3c2094605e2b67e8edd0c0d4b77ce4a.php 第 116 行.
NOTIC: [8] Undefined variable: title D:\Study\PHP\Demo\News\Application\Runtime\Cache\Admin\b3c2094605e2b67e8edd0c0d4b77ce4a.php 第 124 行.
INFO: Run Behavior\ParseTemplateBehavior [ RunTime:0.123121s ]
INFO: [ view_parse ] --END-- [ RunTime:0.123871s ]
INFO: [ view_filter ] --START--
INFO: Run Behavior\WriteHtmlCacheBehavior [ RunTime:0.000896s ]
INFO: [ view_filter ] --END-- [ RunTime:0.001632s ]
INFO: [ app_end ] --START--
INFO: Run Behavior\ShowPageTraceBehavior [ RunTime:0.001862s ]
INFO: [ app_end ] --END-- [ RunTime:0.003023s ]

[ 2016-08-04T00:21:54+08:00 ] ::1 /News/admin.php?c=PositionContent&a=edit&id=27
INFO: [ app_init ] --START--
INFO: Run Behavior\BuildLiteBehavior [ RunTime:0.000137s ]
INFO: [ app_init ] --END-- [ RunTime:0.001233s ]
INFO: [ app_begin ] --START--
INFO: Run Behavior\ReadHtmlCacheBehavior [ RunTime:0.001101s ]
INFO: [ app_begin ] --END-- [ RunTime:0.001941s ]
NOTIC: [2048] Declaration of Admin\Controller\PositionContentController::setStatus() should be compatible with Admin\Controller\CommonController::setStatus($data, $model) D:\Study\PHP\Demo\News\Application\Admin\Controller\PositionContentController.class.php 第 8 行.
NOTIC: [2048] Declaration of Common\Model\PositionContentModel::delete() should be compatible with Think\Model::delete($options = Array) D:\Study\PHP\Demo\News\Application\Common\Model\PositionContentModel.class.php 第 7 行.
SQL: SHOW COLUMNS FROM `cms_position_content` [ RunTime:0.0008s ]
SQL: SELECT * FROM `cms_position_content` WHERE ( id=27 ) LIMIT 1   [ RunTime:0.0005s ]
SQL: SHOW COLUMNS FROM `cms_position` [ RunTime:0.0007s ]
SQL: SELECT * FROM `cms_position` WHERE `status` = 1 ORDER BY id  [ RunTime:0.0007s ]
INFO: [ view_parse ] --START--
INFO: [ template_filter ] --START--
INFO: Run Behavior\ContentReplaceBehavior [ RunTime:0.000433s ]
INFO: [ template_filter ] --END-- [ RunTime:0.001220s ]
NOTIC: [2048] Declaration of Common\Model\MenuModel::find() should be compatible with Think\Model::find($options = Array) D:\Study\PHP\Demo\News\Application\Common\Model\MenuModel.class.php 第 123 行.
SQL: SHOW COLUMNS FROM `cms_menu` [ RunTime:0.0008s ]
SQL: SELECT * FROM `cms_menu` WHERE ( type=1 ) ORDER BY menu_id asc  [ RunTime:0.0005s ]
INFO: Run Behavior\ParseTemplateBehavior [ RunTime:0.089218s ]
INFO: [ view_parse ] --END-- [ RunTime:0.090050s ]
INFO: [ view_filter ] --START--
INFO: Run Behavior\WriteHtmlCacheBehavior [ RunTime:0.000904s ]
INFO: [ view_filter ] --END-- [ RunTime:0.001665s ]
INFO: [ app_end ] --START--
INFO: Run Behavior\ShowPageTraceBehavior [ RunTime:0.001049s ]
INFO: [ app_end ] --END-- [ RunTime:0.001820s ]

[ 2016-08-04T00:21:58+08:00 ] ::1 /News/admin.php?c=PositionContent&a=add
INFO: [ app_init ] --START--
INFO: Run Behavior\BuildLiteBehavior [ RunTime:0.000142s ]
INFO: [ app_init ] --END-- [ RunTime:0.001234s ]
INFO: [ app_begin ] --START--
INFO: Run Behavior\ReadHtmlCacheBehavior [ RunTime:0.000886s ]
INFO: [ app_begin ] --END-- [ RunTime:0.001550s ]
NOTIC: [2048] Declaration of Admin\Controller\PositionContentController::setStatus() should be compatible with Admin\Controller\CommonController::setStatus($data, $model) D:\Study\PHP\Demo\News\Application\Admin\Controller\PositionContentController.class.php 第 8 行.
SQL: SHOW COLUMNS FROM `cms_position` [ RunTime:0.0010s ]
SQL: SELECT * FROM `cms_position` WHERE `status` = 1 ORDER BY id  [ RunTime:0.0006s ]
NOTIC: [2048] Declaration of Common\Model\PositionContentModel::delete() should be compatible with Think\Model::delete($options = Array) D:\Study\PHP\Demo\News\Application\Common\Model\PositionContentModel.class.php 第 92 行.
SQL: SHOW COLUMNS FROM `cms_position_content` [ RunTime:0.0008s ]
SQL: UPDATE `cms_position_content` SET `title`=' 男篮热身最后1战遭巴西逆转 ',`position_id`='3',`thumb`='upload/2016/08/03/57a19dea6adcb.jpg',`url`='',`news_id`='22',`status`='1' WHERE `id` = 27 [ RunTime:0.0009s ]

[ 2016-08-04T00:21:59+08:00 ] ::1 /News/admin.php?c=PositionContent&a=index
INFO: [ app_init ] --START--
INFO: Run Behavior\BuildLiteBehavior [ RunTime:0.000166s ]
INFO: [ app_init ] --END-- [ RunTime:0.001498s ]
INFO: [ app_begin ] --START--
INFO: Run Behavior\ReadHtmlCacheBehavior [ RunTime:0.001801s ]
INFO: [ app_begin ] --END-- [ RunTime:0.003287s ]
NOTIC: [2048] Declaration of Admin\Controller\PositionContentController::setStatus() should be compatible with Admin\Controller\CommonController::setStatus($data, $model) D:\Study\PHP\Demo\News\Application\Admin\Controller\PositionContentController.class.php 第 8 行.
NOTIC: [8] Undefined index: position_id D:\Study\PHP\Demo\News\Application\Admin\Controller\PositionContentController.class.php 第 12 行.
NOTIC: [8] Undefined index: title D:\Study\PHP\Demo\News\Application\Admin\Controller\PositionContentController.class.php 第 16 行.
SQL: SHOW COLUMNS FROM `cms_position` [ RunTime:0.0007s ]
SQL: SELECT * FROM `cms_position` WHERE `status` = 1 ORDER BY id  [ RunTime:0.0005s ]
NOTIC: [8] Undefined index: p D:\Study\PHP\Demo\News\Application\Admin\Controller\PositionContentController.class.php 第 25 行.
NOTIC: [8] Undefined index: pageSize D:\Study\PHP\Demo\News\Application\Admin\Controller\PositionContentController.class.php 第 26 行.
NOTIC: [2048] Declaration of Common\Model\PositionContentModel::delete() should be compatible with Think\Model::delete($options = Array) D:\Study\PHP\Demo\News\Application\Common\Model\PositionContentModel.class.php 第 92 行.
SQL: SHOW COLUMNS FROM `cms_position_content` [ RunTime:0.0007s ]
SQL: SELECT * FROM `cms_position_content` ORDER BY listorder desc, id desc LIMIT 0,2   [ RunTime:0.0006s ]
SQL: SELECT COUNT(*) AS tp_count FROM `cms_position_content` LIMIT 1   [ RunTime:0.0004s ]
INFO: [ view_parse ] --START--
INFO: [ template_filter ] --START--
INFO: Run Behavior\ContentReplaceBehavior [ RunTime:0.000373s ]
INFO: [ template_filter ] --END-- [ RunTime:0.001119s ]
NOTIC: [2048] Declaration of Common\Model\MenuModel::find() should be compatible with Think\Model::find($options = Array) D:\Study\PHP\Demo\News\Application\Common\Model\MenuModel.class.php 第 123 行.
SQL: SHOW COLUMNS FROM `cms_menu` [ RunTime:0.0009s ]
SQL: SELECT * FROM `cms_menu` WHERE ( type=1 ) ORDER BY menu_id asc  [ RunTime:0.0008s ]
NOTIC: [8] Undefined variable: positionId D:\Study\PHP\Demo\News\Application\Runtime\Cache\Admin\b3c2094605e2b67e8edd0c0d4b77ce4a.php 第 116 行.
NOTIC: [8] Undefined variable: positionId D:\Study\PHP\Demo\News\Application\Runtime\Cache\Admin\b3c2094605e2b67e8edd0c0d4b77ce4a.php 第 116 行.
NOTIC: [8] Undefined variable: positionId D:\Study\PHP\Demo\News\Application\Runtime\Cache\Admin\b3c2094605e2b67e8edd0c0d4b77ce4a.php 第 116 行.
NOTIC: [8] Undefined variable: positionId D:\Study\PHP\Demo\News\Application\Runtime\Cache\Admin\b3c2094605e2b67e8edd0c0d4b77ce4a.php 第 116 行.
NOTIC: [8] Undefined variable: title D:\Study\PHP\Demo\News\Application\Runtime\Cache\Admin\b3c2094605e2b67e8edd0c0d4b77ce4a.php 第 124 行.
INFO: Run Behavior\ParseTemplateBehavior [ RunTime:0.112621s ]
INFO: [ view_parse ] --END-- [ RunTime:0.113387s ]
INFO: [ view_filter ] --START--
INFO: Run Behavior\WriteHtmlCacheBehavior [ RunTime:0.000939s ]
INFO: [ view_filter ] --END-- [ RunTime:0.001707s ]
INFO: [ app_end ] --START--
INFO: Run Behavior\ShowPageTraceBehavior [ RunTime:0.001237s ]
INFO: [ app_end ] --END-- [ RunTime:0.002055s ]

[ 2016-08-04T00:22:01+08:00 ] ::1 /News/admin.php?c=PositionContent&a=edit&id=27
INFO: [ app_init ] --START--
INFO: Run Behavior\BuildLiteBehavior [ RunTime:0.000136s ]
INFO: [ app_init ] --END-- [ RunTime:0.001268s ]
INFO: [ app_begin ] --START--
INFO: Run Behavior\ReadHtmlCacheBehavior [ RunTime:0.000999s ]
INFO: [ app_begin ] --END-- [ RunTime:0.001800s ]
NOTIC: [2048] Declaration of Admin\Controller\PositionContentController::setStatus() should be compatible with Admin\Controller\CommonController::setStatus($data, $model) D:\Study\PHP\Demo\News\Application\Admin\Controller\PositionContentController.class.php 第 8 行.
NOTIC: [2048] Declaration of Common\Model\PositionContentModel::delete() should be compatible with Think\Model::delete($options = Array) D:\Study\PHP\Demo\News\Application\Common\Model\PositionContentModel.class.php 第 7 行.
SQL: SHOW COLUMNS FROM `cms_position_content` [ RunTime:0.0008s ]
SQL: SELECT * FROM `cms_position_content` WHERE ( id=27 ) LIMIT 1   [ RunTime:0.0004s ]
SQL: SHOW COLUMNS FROM `cms_position` [ RunTime:0.0007s ]
SQL: SELECT * FROM `cms_position` WHERE `status` = 1 ORDER BY id  [ RunTime:0.0005s ]
INFO: [ view_parse ] --START--
INFO: [ template_filter ] --START--
INFO: Run Behavior\ContentReplaceBehavior [ RunTime:0.000388s ]
INFO: [ template_filter ] --END-- [ RunTime:0.001179s ]
NOTIC: [2048] Declaration of Common\Model\MenuModel::find() should be compatible with Think\Model::find($options = Array) D:\Study\PHP\Demo\News\Application\Common\Model\MenuModel.class.php 第 123 行.
SQL: SHOW COLUMNS FROM `cms_menu` [ RunTime:0.0010s ]
SQL: SELECT * FROM `cms_menu` WHERE ( type=1 ) ORDER BY menu_id asc  [ RunTime:0.0005s ]
INFO: Run Behavior\ParseTemplateBehavior [ RunTime:0.050623s ]
INFO: [ view_parse ] --END-- [ RunTime:0.051369s ]
INFO: [ view_filter ] --START--
INFO: Run Behavior\WriteHtmlCacheBehavior [ RunTime:0.000910s ]
INFO: [ view_filter ] --END-- [ RunTime:0.001622s ]
INFO: [ app_end ] --START--
INFO: Run Behavior\ShowPageTraceBehavior [ RunTime:0.000995s ]
INFO: [ app_end ] --END-- [ RunTime:0.001767s ]

[ 2016-08-04T00:22:04+08:00 ] ::1 /News/admin.php?c=PositionContent
INFO: [ app_init ] --START--
INFO: Run Behavior\BuildLiteBehavior [ RunTime:0.000168s ]
INFO: [ app_init ] --END-- [ RunTime:0.001491s ]
INFO: [ app_begin ] --START--
INFO: Run Behavior\ReadHtmlCacheBehavior [ RunTime:0.001320s ]
INFO: [ app_begin ] --END-- [ RunTime:0.002297s ]
NOTIC: [2048] Declaration of Admin\Controller\PositionContentController::setStatus() should be compatible with Admin\Controller\CommonController::setStatus($data, $model) D:\Study\PHP\Demo\News\Application\Admin\Controller\PositionContentController.class.php 第 8 行.
NOTIC: [8] Undefined index: position_id D:\Study\PHP\Demo\News\Application\Admin\Controller\PositionContentController.class.php 第 12 行.
NOTIC: [8] Undefined index: title D:\Study\PHP\Demo\News\Application\Admin\Controller\PositionContentController.class.php 第 16 行.
SQL: SHOW COLUMNS FROM `cms_position` [ RunTime:0.0009s ]
SQL: SELECT * FROM `cms_position` WHERE `status` = 1 ORDER BY id  [ RunTime:0.0006s ]
NOTIC: [8] Undefined index: p D:\Study\PHP\Demo\News\Application\Admin\Controller\PositionContentController.class.php 第 25 行.
NOTIC: [8] Undefined index: pageSize D:\Study\PHP\Demo\News\Application\Admin\Controller\PositionContentController.class.php 第 26 行.
NOTIC: [2048] Declaration of Common\Model\PositionContentModel::delete() should be compatible with Think\Model::delete($options = Array) D:\Study\PHP\Demo\News\Application\Common\Model\PositionContentModel.class.php 第 92 行.
SQL: SHOW COLUMNS FROM `cms_position_content` [ RunTime:0.0008s ]
SQL: SELECT * FROM `cms_position_content` ORDER BY listorder desc, id desc LIMIT 0,2   [ RunTime:0.0005s ]
SQL: SELECT COUNT(*) AS tp_count FROM `cms_position_content` LIMIT 1   [ RunTime:0.0004s ]
INFO: [ view_parse ] --START--
INFO: [ template_filter ] --START--
INFO: Run Behavior\ContentReplaceBehavior [ RunTime:0.000402s ]
INFO: [ template_filter ] --END-- [ RunTime:0.001190s ]
NOTIC: [2048] Declaration of Common\Model\MenuModel::find() should be compatible with Think\Model::find($options = Array) D:\Study\PHP\Demo\News\Application\Common\Model\MenuModel.class.php 第 123 行.
SQL: SHOW COLUMNS FROM `cms_menu` [ RunTime:0.0009s ]
SQL: SELECT * FROM `cms_menu` WHERE ( type=1 ) ORDER BY menu_id asc  [ RunTime:0.0005s ]
NOTIC: [8] Undefined variable: positionId D:\Study\PHP\Demo\News\Application\Runtime\Cache\Admin\b3c2094605e2b67e8edd0c0d4b77ce4a.php 第 116 行.
NOTIC: [8] Undefined variable: positionId D:\Study\PHP\Demo\News\Application\Runtime\Cache\Admin\b3c2094605e2b67e8edd0c0d4b77ce4a.php 第 116 行.
NOTIC: [8] Undefined variable: positionId D:\Study\PHP\Demo\News\Application\Runtime\Cache\Admin\b3c2094605e2b67e8edd0c0d4b77ce4a.php 第 116 行.
NOTIC: [8] Undefined variable: positionId D:\Study\PHP\Demo\News\Application\Runtime\Cache\Admin\b3c2094605e2b67e8edd0c0d4b77ce4a.php 第 116 行.
NOTIC: [8] Undefined variable: title D:\Study\PHP\Demo\News\Application\Runtime\Cache\Admin\b3c2094605e2b67e8edd0c0d4b77ce4a.php 第 124 行.
INFO: Run Behavior\ParseTemplateBehavior [ RunTime:0.121830s ]
INFO: [ view_parse ] --END-- [ RunTime:0.122665s ]
INFO: [ view_filter ] --START--
INFO: Run Behavior\WriteHtmlCacheBehavior [ RunTime:0.000903s ]
INFO: [ view_filter ] --END-- [ RunTime:0.001682s ]
INFO: [ app_end ] --START--
INFO: Run Behavior\ShowPageTraceBehavior [ RunTime:0.001262s ]
INFO: [ app_end ] --END-- [ RunTime:0.002061s ]

[ 2016-08-04T00:22:07+08:00 ] ::1 /News/admin.php?position_id=1&c=PositionContent&a=index&title=
INFO: [ app_init ] --START--
INFO: Run Behavior\BuildLiteBehavior [ RunTime:0.000136s ]
INFO: [ app_init ] --END-- [ RunTime:0.001230s ]
INFO: [ app_begin ] --START--
INFO: Run Behavior\ReadHtmlCacheBehavior [ RunTime:0.001736s ]
INFO: [ app_begin ] --END-- [ RunTime:0.003283s ]
NOTIC: [2048] Declaration of Admin\Controller\PositionContentController::setStatus() should be compatible with Admin\Controller\CommonController::setStatus($data, $model) D:\Study\PHP\Demo\News\Application\Admin\Controller\PositionContentController.class.php 第 8 行.
SQL: SHOW COLUMNS FROM `cms_position` [ RunTime:0.0008s ]
SQL: SELECT * FROM `cms_position` WHERE `status` = 1 ORDER BY id  [ RunTime:0.0005s ]
NOTIC: [8] Undefined index: p D:\Study\PHP\Demo\News\Application\Admin\Controller\PositionContentController.class.php 第 25 行.
NOTIC: [8] Undefined index: pageSize D:\Study\PHP\Demo\News\Application\Admin\Controller\PositionContentController.class.php 第 26 行.
NOTIC: [2048] Declaration of Common\Model\PositionContentModel::delete() should be compatible with Think\Model::delete($options = Array) D:\Study\PHP\Demo\News\Application\Common\Model\PositionContentModel.class.php 第 92 行.
SQL: SHOW COLUMNS FROM `cms_position_content` [ RunTime:0.0010s ]
SQL: SELECT * FROM `cms_position_content` WHERE `position_id` = 1 ORDER BY listorder desc, id desc LIMIT 0,2   [ RunTime:0.0006s ]
SQL: SELECT COUNT(*) AS tp_count FROM `cms_position_content` WHERE `position_id` = 1 LIMIT 1   [ RunTime:0.0004s ]
INFO: [ view_parse ] --START--
INFO: [ template_filter ] --START--
INFO: Run Behavior\ContentReplaceBehavior [ RunTime:0.000431s ]
INFO: [ template_filter ] --END-- [ RunTime:0.001219s ]
NOTIC: [2048] Declaration of Common\Model\MenuModel::find() should be compatible with Think\Model::find($options = Array) D:\Study\PHP\Demo\News\Application\Common\Model\MenuModel.class.php 第 123 行.
SQL: SHOW COLUMNS FROM `cms_menu` [ RunTime:0.0008s ]
SQL: SELECT * FROM `cms_menu` WHERE ( type=1 ) ORDER BY menu_id asc  [ RunTime:0.0005s ]
NOTIC: [8] Undefined variable: title D:\Study\PHP\Demo\News\Application\Runtime\Cache\Admin\b3c2094605e2b67e8edd0c0d4b77ce4a.php 第 124 行.
INFO: Run Behavior\ParseTemplateBehavior [ RunTime:0.111422s ]
INFO: [ view_parse ] --END-- [ RunTime:0.112144s ]
INFO: [ view_filter ] --START--
INFO: Run Behavior\WriteHtmlCacheBehavior [ RunTime:0.001008s ]
INFO: [ view_filter ] --END-- [ RunTime:0.001876s ]
INFO: [ app_end ] --START--
INFO: Run Behavior\ShowPageTraceBehavior [ RunTime:0.001284s ]
INFO: [ app_end ] --END-- [ RunTime:0.002256s ]

[ 2016-08-04T00:22:14+08:00 ] ::1 /News/admin.php?c=PositionContent&a=listorder
INFO: [ app_init ] --START--
INFO: Run Behavior\BuildLiteBehavior [ RunTime:0.000138s ]
INFO: [ app_init ] --END-- [ RunTime:0.001246s ]
INFO: [ app_begin ] --START--
INFO: Run Behavior\ReadHtmlCacheBehavior [ RunTime:0.000893s ]
INFO: [ app_begin ] --END-- [ RunTime:0.001492s ]
NOTIC: [2048] Declaration of Admin\Controller\PositionContentController::setStatus() should be compatible with Admin\Controller\CommonController::setStatus($data, $model) D:\Study\PHP\Demo\News\Application\Admin\Controller\PositionContentController.class.php 第 8 行.
NOTIC: [2048] Declaration of Common\Model\PositionContentModel::delete() should be compatible with Think\Model::delete($options = Array) D:\Study\PHP\Demo\News\Application\Common\Model\PositionContentModel.class.php 第 7 行.
SQL: SHOW COLUMNS FROM `cms_position_content` [ RunTime:0.0008s ]
SQL: UPDATE `cms_position_content` SET `listorder`='0' WHERE ( id='28' ) [ RunTime:0.0005s ]
SQL: UPDATE `cms_position_content` SET `listorder`='1' WHERE ( id='26' ) [ RunTime:0.0006s ]

[ 2016-08-04T00:22:15+08:00 ] ::1 /News/admin.php?position_id=1&c=PositionContent&a=index&title=
INFO: [ app_init ] --START--
INFO: Run Behavior\BuildLiteBehavior [ RunTime:0.000170s ]
INFO: [ app_init ] --END-- [ RunTime:0.001588s ]
INFO: [ app_begin ] --START--
INFO: Run Behavior\ReadHtmlCacheBehavior [ RunTime:0.001235s ]
INFO: [ app_begin ] --END-- [ RunTime:0.002257s ]
NOTIC: [2048] Declaration of Admin\Controller\PositionContentController::setStatus() should be compatible with Admin\Controller\CommonController::setStatus($data, $model) D:\Study\PHP\Demo\News\Application\Admin\Controller\PositionContentController.class.php 第 8 行.
SQL: SHOW COLUMNS FROM `cms_position` [ RunTime:0.0008s ]
SQL: SELECT * FROM `cms_position` WHERE `status` = 1 ORDER BY id  [ RunTime:0.0005s ]
NOTIC: [8] Undefined index: p D:\Study\PHP\Demo\News\Application\Admin\Controller\PositionContentController.class.php 第 25 行.
NOTIC: [8] Undefined index: pageSize D:\Study\PHP\Demo\News\Application\Admin\Controller\PositionContentController.class.php 第 26 行.
NOTIC: [2048] Declaration of Common\Model\PositionContentModel::delete() should be compatible with Think\Model::delete($options = Array) D:\Study\PHP\Demo\News\Application\Common\Model\PositionContentModel.class.php 第 92 行.
SQL: SHOW COLUMNS FROM `cms_position_content` [ RunTime:0.0008s ]
SQL: SELECT * FROM `cms_position_content` WHERE `position_id` = 1 ORDER BY listorder desc, id desc LIMIT 0,2   [ RunTime:0.0005s ]
SQL: SELECT COUNT(*) AS tp_count FROM `cms_position_content` WHERE `position_id` = 1 LIMIT 1   [ RunTime:0.0005s ]
INFO: [ view_parse ] --START--
INFO: [ template_filter ] --START--
INFO: Run Behavior\ContentReplaceBehavior [ RunTime:0.000411s ]
INFO: [ template_filter ] --END-- [ RunTime:0.001215s ]
NOTIC: [2048] Declaration of Common\Model\MenuModel::find() should be compatible with Think\Model::find($options = Array) D:\Study\PHP\Demo\News\Application\Common\Model\MenuModel.class.php 第 123 行.
SQL: SHOW COLUMNS FROM `cms_menu` [ RunTime:0.0009s ]
SQL: SELECT * FROM `cms_menu` WHERE ( type=1 ) ORDER BY menu_id asc  [ RunTime:0.0005s ]
NOTIC: [8] Undefined variable: title D:\Study\PHP\Demo\News\Application\Runtime\Cache\Admin\b3c2094605e2b67e8edd0c0d4b77ce4a.php 第 124 行.
INFO: Run Behavior\ParseTemplateBehavior [ RunTime:0.128832s ]
INFO: [ view_parse ] --END-- [ RunTime:0.129643s ]
INFO: [ view_filter ] --START--
INFO: Run Behavior\WriteHtmlCacheBehavior [ RunTime:0.000979s ]
INFO: [ view_filter ] --END-- [ RunTime:0.001772s ]
INFO: [ app_end ] --START--
INFO: Run Behavior\ShowPageTraceBehavior [ RunTime:0.001476s ]
INFO: [ app_end ] --END-- [ RunTime:0.002646s ]

[ 2016-08-04T00:22:51+08:00 ] ::1 /News/admin.php?c=PositionContent&a=listorder
INFO: [ app_init ] --START--
INFO: Run Behavior\BuildLiteBehavior [ RunTime:0.000155s ]
INFO: [ app_init ] --END-- [ RunTime:0.001406s ]
INFO: [ app_begin ] --START--
INFO: Run Behavior\ReadHtmlCacheBehavior [ RunTime:0.000937s ]
INFO: [ app_begin ] --END-- [ RunTime:0.001599s ]
NOTIC: [2048] Declaration of Admin\Controller\PositionContentController::setStatus() should be compatible with Admin\Controller\CommonController::setStatus($data, $model) D:\Study\PHP\Demo\News\Application\Admin\Controller\PositionContentController.class.php 第 8 行.
NOTIC: [2048] Declaration of Common\Model\PositionContentModel::delete() should be compatible with Think\Model::delete($options = Array) D:\Study\PHP\Demo\News\Application\Common\Model\PositionContentModel.class.php 第 7 行.
SQL: SHOW COLUMNS FROM `cms_position_content` [ RunTime:0.0008s ]
SQL: UPDATE `cms_position_content` SET `listorder`='0' WHERE ( id='26' ) [ RunTime:0.0004s ]
SQL: UPDATE `cms_position_content` SET `listorder`='1' WHERE ( id='28' ) [ RunTime:0.0005s ]

[ 2016-08-04T00:22:52+08:00 ] ::1 /News/admin.php?position_id=1&c=PositionContent&a=index&title=
INFO: [ app_init ] --START--
INFO: Run Behavior\BuildLiteBehavior [ RunTime:0.000186s ]
INFO: [ app_init ] --END-- [ RunTime:0.001864s ]
INFO: [ app_begin ] --START--
INFO: Run Behavior\ReadHtmlCacheBehavior [ RunTime:0.001292s ]
INFO: [ app_begin ] --END-- [ RunTime:0.002473s ]
NOTIC: [2048] Declaration of Admin\Controller\PositionContentController::setStatus() should be compatible with Admin\Controller\CommonController::setStatus($data, $model) D:\Study\PHP\Demo\News\Application\Admin\Controller\PositionContentController.class.php 第 8 行.
SQL: SHOW COLUMNS FROM `cms_position` [ RunTime:0.0008s ]
SQL: SELECT * FROM `cms_position` WHERE `status` = 1 ORDER BY id  [ RunTime:0.0005s ]
NOTIC: [8] Undefined index: p D:\Study\PHP\Demo\News\Application\Admin\Controller\PositionContentController.class.php 第 25 行.
NOTIC: [8] Undefined index: pageSize D:\Study\PHP\Demo\News\Application\Admin\Controller\PositionContentController.class.php 第 26 行.
NOTIC: [2048] Declaration of Common\Model\PositionContentModel::delete() should be compatible with Think\Model::delete($options = Array) D:\Study\PHP\Demo\News\Application\Common\Model\PositionContentModel.class.php 第 92 行.
SQL: SHOW COLUMNS FROM `cms_position_content` [ RunTime:0.0007s ]
SQL: SELECT * FROM `cms_position_content` WHERE `position_id` = 1 ORDER BY listorder desc, id desc LIMIT 0,2   [ RunTime:0.0005s ]
SQL: SELECT COUNT(*) AS tp_count FROM `cms_position_content` WHERE `position_id` = 1 LIMIT 1   [ RunTime:0.0006s ]
INFO: [ view_parse ] --START--
INFO: [ template_filter ] --START--
INFO: Run Behavior\ContentReplaceBehavior [ RunTime:0.000444s ]
INFO: [ template_filter ] --END-- [ RunTime:0.001315s ]
NOTIC: [2048] Declaration of Common\Model\MenuModel::find() should be compatible with Think\Model::find($options = Array) D:\Study\PHP\Demo\News\Application\Common\Model\MenuModel.class.php 第 123 行.
SQL: SHOW COLUMNS FROM `cms_menu` [ RunTime:0.0011s ]
SQL: SELECT * FROM `cms_menu` WHERE ( type=1 ) ORDER BY menu_id asc  [ RunTime:0.0006s ]
NOTIC: [8] Undefined variable: title D:\Study\PHP\Demo\News\Application\Runtime\Cache\Admin\b3c2094605e2b67e8edd0c0d4b77ce4a.php 第 124 行.
INFO: Run Behavior\ParseTemplateBehavior [ RunTime:0.150126s ]
INFO: [ view_parse ] --END-- [ RunTime:0.151349s ]
INFO: [ view_filter ] --START--
INFO: Run Behavior\WriteHtmlCacheBehavior [ RunTime:0.000983s ]
INFO: [ view_filter ] --END-- [ RunTime:0.001773s ]
INFO: [ app_end ] --START--
INFO: Run Behavior\ShowPageTraceBehavior [ RunTime:0.001751s ]
INFO: [ app_end ] --END-- [ RunTime:0.003254s ]

[ 2016-08-04T00:23:24+08:00 ] ::1 /News/admin.php?position_id=3&c=PositionContent&a=index&title=
INFO: [ app_init ] --START--
INFO: Run Behavior\BuildLiteBehavior [ RunTime:0.000138s ]
INFO: [ app_init ] --END-- [ RunTime:0.001237s ]
INFO: [ app_begin ] --START--
INFO: Run Behavior\ReadHtmlCacheBehavior [ RunTime:0.000963s ]
INFO: [ app_begin ] --END-- [ RunTime:0.001714s ]
NOTIC: [2048] Declaration of Admin\Controller\PositionContentController::setStatus() should be compatible with Admin\Controller\CommonController::setStatus($data, $model) D:\Study\PHP\Demo\News\Application\Admin\Controller\PositionContentController.class.php 第 8 行.
SQL: SHOW COLUMNS FROM `cms_position` [ RunTime:0.0011s ]
SQL: SELECT * FROM `cms_position` WHERE `status` = 1 ORDER BY id  [ RunTime:0.0006s ]
NOTIC: [8] Undefined index: p D:\Study\PHP\Demo\News\Application\Admin\Controller\PositionContentController.class.php 第 25 行.
NOTIC: [8] Undefined index: pageSize D:\Study\PHP\Demo\News\Application\Admin\Controller\PositionContentController.class.php 第 26 行.
NOTIC: [2048] Declaration of Common\Model\PositionContentModel::delete() should be compatible with Think\Model::delete($options = Array) D:\Study\PHP\Demo\News\Application\Common\Model\PositionContentModel.class.php 第 92 行.
SQL: SHOW COLUMNS FROM `cms_position_content` [ RunTime:0.0008s ]
SQL: SELECT * FROM `cms_position_content` WHERE `position_id` = 3 ORDER BY listorder desc, id desc LIMIT 0,2   [ RunTime:0.0004s ]
SQL: SELECT COUNT(*) AS tp_count FROM `cms_position_content` WHERE `position_id` = 3 LIMIT 1   [ RunTime:0.0005s ]
INFO: [ view_parse ] --START--
INFO: [ template_filter ] --START--
INFO: Run Behavior\ContentReplaceBehavior [ RunTime:0.000393s ]
INFO: [ template_filter ] --END-- [ RunTime:0.001235s ]
NOTIC: [2048] Declaration of Common\Model\MenuModel::find() should be compatible with Think\Model::find($options = Array) D:\Study\PHP\Demo\News\Application\Common\Model\MenuModel.class.php 第 123 行.
SQL: SHOW COLUMNS FROM `cms_menu` [ RunTime:0.0009s ]
SQL: SELECT * FROM `cms_menu` WHERE ( type=1 ) ORDER BY menu_id asc  [ RunTime:0.0007s ]
NOTIC: [8] Undefined variable: title D:\Study\PHP\Demo\News\Application\Runtime\Cache\Admin\b3c2094605e2b67e8edd0c0d4b77ce4a.php 第 124 行.
INFO: Run Behavior\ParseTemplateBehavior [ RunTime:0.113459s ]
INFO: [ view_parse ] --END-- [ RunTime:0.114244s ]
INFO: [ view_filter ] --START--
INFO: Run Behavior\WriteHtmlCacheBehavior [ RunTime:0.000951s ]
INFO: [ view_filter ] --END-- [ RunTime:0.001715s ]
INFO: [ app_end ] --START--
INFO: Run Behavior\ShowPageTraceBehavior [ RunTime:0.001696s ]
INFO: [ app_end ] --END-- [ RunTime:0.002834s ]

[ 2016-08-04T00:23:30+08:00 ] ::1 /News/admin.php?c=PositionContent&a=listorder
INFO: [ app_init ] --START--
INFO: Run Behavior\BuildLiteBehavior [ RunTime:0.000163s ]
INFO: [ app_init ] --END-- [ RunTime:0.001482s ]
INFO: [ app_begin ] --START--
INFO: Run Behavior\ReadHtmlCacheBehavior [ RunTime:0.000989s ]
INFO: [ app_begin ] --END-- [ RunTime:0.001739s ]
NOTIC: [2048] Declaration of Admin\Controller\PositionContentController::setStatus() should be compatible with Admin\Controller\CommonController::setStatus($data, $model) D:\Study\PHP\Demo\News\Application\Admin\Controller\PositionContentController.class.php 第 8 行.
NOTIC: [2048] Declaration of Common\Model\PositionContentModel::delete() should be compatible with Think\Model::delete($options = Array) D:\Study\PHP\Demo\News\Application\Common\Model\PositionContentModel.class.php 第 7 行.
SQL: SHOW COLUMNS FROM `cms_position_content` [ RunTime:0.0008s ]
SQL: UPDATE `cms_position_content` SET `listorder`='1' WHERE ( id='27' ) [ RunTime:0.0006s ]
SQL: UPDATE `cms_position_content` SET `listorder`='2' WHERE ( id='20' ) [ RunTime:0.0004s ]

[ 2016-08-04T00:23:31+08:00 ] ::1 /News/admin.php?position_id=3&c=PositionContent&a=index&title=
INFO: [ app_init ] --START--
INFO: Run Behavior\BuildLiteBehavior [ RunTime:0.000188s ]
INFO: [ app_init ] --END-- [ RunTime:0.001460s ]
INFO: [ app_begin ] --START--
INFO: Run Behavior\ReadHtmlCacheBehavior [ RunTime:0.001190s ]
INFO: [ app_begin ] --END-- [ RunTime:0.002119s ]
NOTIC: [2048] Declaration of Admin\Controller\PositionContentController::setStatus() should be compatible with Admin\Controller\CommonController::setStatus($data, $model) D:\Study\PHP\Demo\News\Application\Admin\Controller\PositionContentController.class.php 第 8 行.
SQL: SHOW COLUMNS FROM `cms_position` [ RunTime:0.0009s ]
SQL: SELECT * FROM `cms_position` WHERE `status` = 1 ORDER BY id  [ RunTime:0.0006s ]
NOTIC: [8] Undefined index: p D:\Study\PHP\Demo\News\Application\Admin\Controller\PositionContentController.class.php 第 25 行.
NOTIC: [8] Undefined index: pageSize D:\Study\PHP\Demo\News\Application\Admin\Controller\PositionContentController.class.php 第 26 行.
NOTIC: [2048] Declaration of Common\Model\PositionContentModel::delete() should be compatible with Think\Model::delete($options = Array) D:\Study\PHP\Demo\News\Application\Common\Model\PositionContentModel.class.php 第 92 行.
SQL: SHOW COLUMNS FROM `cms_position_content` [ RunTime:0.0008s ]
SQL: SELECT * FROM `cms_position_content` WHERE `position_id` = 3 ORDER BY listorder desc, id desc LIMIT 0,2   [ RunTime:0.0006s ]
SQL: SELECT COUNT(*) AS tp_count FROM `cms_position_content` WHERE `position_id` = 3 LIMIT 1   [ RunTime:0.0007s ]
INFO: [ view_parse ] --START--
INFO: [ template_filter ] --START--
INFO: Run Behavior\ContentReplaceBehavior [ RunTime:0.000421s ]
INFO: [ template_filter ] --END-- [ RunTime:0.001213s ]
NOTIC: [2048] Declaration of Common\Model\MenuModel::find() should be compatible with Think\Model::find($options = Array) D:\Study\PHP\Demo\News\Application\Common\Model\MenuModel.class.php 第 123 行.
SQL: SHOW COLUMNS FROM `cms_menu` [ RunTime:0.0008s ]
SQL: SELECT * FROM `cms_menu` WHERE ( type=1 ) ORDER BY menu_id asc  [ RunTime:0.0005s ]
NOTIC: [8] Undefined variable: title D:\Study\PHP\Demo\News\Application\Runtime\Cache\Admin\b3c2094605e2b67e8edd0c0d4b77ce4a.php 第 124 行.
INFO: Run Behavior\ParseTemplateBehavior [ RunTime:0.117728s ]
INFO: [ view_parse ] --END-- [ RunTime:0.118557s ]
INFO: [ view_filter ] --START--
INFO: Run Behavior\WriteHtmlCacheBehavior [ RunTime:0.000982s ]
INFO: [ view_filter ] --END-- [ RunTime:0.001710s ]
INFO: [ app_end ] --START--
INFO: Run Behavior\ShowPageTraceBehavior [ RunTime:0.001620s ]
INFO: [ app_end ] --END-- [ RunTime:0.002745s ]

[ 2016-08-04T00:23:39+08:00 ] ::1 /News/admin.php?c=PositionContent&a=listorder
INFO: [ app_init ] --START--
INFO: Run Behavior\BuildLiteBehavior [ RunTime:0.000135s ]
INFO: [ app_init ] --END-- [ RunTime:0.001321s ]
INFO: [ app_begin ] --START--
INFO: Run Behavior\ReadHtmlCacheBehavior [ RunTime:0.000840s ]
INFO: [ app_begin ] --END-- [ RunTime:0.001512s ]
NOTIC: [2048] Declaration of Admin\Controller\PositionContentController::setStatus() should be compatible with Admin\Controller\CommonController::setStatus($data, $model) D:\Study\PHP\Demo\News\Application\Admin\Controller\PositionContentController.class.php 第 8 行.
NOTIC: [2048] Declaration of Common\Model\PositionContentModel::delete() should be compatible with Think\Model::delete($options = Array) D:\Study\PHP\Demo\News\Application\Common\Model\PositionContentModel.class.php 第 7 行.
SQL: SHOW COLUMNS FROM `cms_position_content` [ RunTime:0.0008s ]
SQL: UPDATE `cms_position_content` SET `listorder`='0' WHERE ( id='20' ) [ RunTime:0.0005s ]
SQL: UPDATE `cms_position_content` SET `listorder`='1' WHERE ( id='27' ) [ RunTime:0.0005s ]

[ 2016-08-04T00:23:41+08:00 ] ::1 /News/admin.php?position_id=3&c=PositionContent&a=index&title=
INFO: [ app_init ] --START--
INFO: Run Behavior\BuildLiteBehavior [ RunTime:0.000158s ]
INFO: [ app_init ] --END-- [ RunTime:0.001271s ]
INFO: [ app_begin ] --START--
INFO: Run Behavior\ReadHtmlCacheBehavior [ RunTime:0.000875s ]
INFO: [ app_begin ] --END-- [ RunTime:0.001778s ]
NOTIC: [2048] Declaration of Admin\Controller\PositionContentController::setStatus() should be compatible with Admin\Controller\CommonController::setStatus($data, $model) D:\Study\PHP\Demo\News\Application\Admin\Controller\PositionContentController.class.php 第 8 行.
SQL: SHOW COLUMNS FROM `cms_position` [ RunTime:0.0007s ]
SQL: SELECT * FROM `cms_position` WHERE `status` = 1 ORDER BY id  [ RunTime:0.0005s ]
NOTIC: [8] Undefined index: p D:\Study\PHP\Demo\News\Application\Admin\Controller\PositionContentController.class.php 第 25 行.
NOTIC: [8] Undefined index: pageSize D:\Study\PHP\Demo\News\Application\Admin\Controller\PositionContentController.class.php 第 26 行.
NOTIC: [2048] Declaration of Common\Model\PositionContentModel::delete() should be compatible with Think\Model::delete($options = Array) D:\Study\PHP\Demo\News\Application\Common\Model\PositionContentModel.class.php 第 92 行.
SQL: SHOW COLUMNS FROM `cms_position_content` [ RunTime:0.0009s ]
SQL: SELECT * FROM `cms_position_content` WHERE `position_id` = 3 ORDER BY listorder desc, id desc LIMIT 0,2   [ RunTime:0.0005s ]
SQL: SELECT COUNT(*) AS tp_count FROM `cms_position_content` WHERE `position_id` = 3 LIMIT 1   [ RunTime:0.0004s ]
INFO: [ view_parse ] --START--
INFO: [ template_filter ] --START--
INFO: Run Behavior\ContentReplaceBehavior [ RunTime:0.000416s ]
INFO: [ template_filter ] --END-- [ RunTime:0.001496s ]
NOTIC: [2048] Declaration of Common\Model\MenuModel::find() should be compatible with Think\Model::find($options = Array) D:\Study\PHP\Demo\News\Application\Common\Model\MenuModel.class.php 第 123 行.
SQL: SHOW COLUMNS FROM `cms_menu` [ RunTime:0.0009s ]
SQL: SELECT * FROM `cms_menu` WHERE ( type=1 ) ORDER BY menu_id asc  [ RunTime:0.0005s ]
NOTIC: [8] Undefined variable: title D:\Study\PHP\Demo\News\Application\Runtime\Cache\Admin\b3c2094605e2b67e8edd0c0d4b77ce4a.php 第 124 行.
INFO: Run Behavior\ParseTemplateBehavior [ RunTime:0.109339s ]
INFO: [ view_parse ] --END-- [ RunTime:0.110113s ]
INFO: [ view_filter ] --START--
INFO: Run Behavior\WriteHtmlCacheBehavior [ RunTime:0.000812s ]
INFO: [ view_filter ] --END-- [ RunTime:0.001570s ]
INFO: [ app_end ] --START--
INFO: Run Behavior\ShowPageTraceBehavior [ RunTime:0.001715s ]
INFO: [ app_end ] --END-- [ RunTime:0.003187s ]

